2014/01/13 16:30:04 [error] [exception.CHttpException.404] exception 'CHttpException' with message 'The system is unable to find the requested action "create?".' in /Applications/MAMP/htdocs/SocialCity/framework/web/CController.php:483
Stack trace:
#0 /Applications/MAMP/htdocs/SocialCity/framework/web/CController.php(270): CController->missingAction('create?')
#1 /Applications/MAMP/htdocs/SocialCity/framework/web/CWebApplication.php(282): CController->run('create?')
#2 /Applications/MAMP/htdocs/SocialCity/framework/web/CWebApplication.php(141): CWebApplication->runController('ciudad/create?')
#3 /Applications/MAMP/htdocs/SocialCity/framework/base/CApplication.php(180): CWebApplication->processRequest()
#4 /Applications/MAMP/htdocs/SocialCity/index.php(13): CApplication->run()
#5 {main}
REQUEST_URI=/index.php?r=ciudad/create?
HTTP_REFERER=http://localhost/index.php?r=ciudad/create
---
2014/01/30 07:45:58 [error] [exception.CHttpException.404] exception 'CHttpException' with message 'The system is unable to find the requested action "visita".' in /Applications/MAMP/htdocs/SocialCity/framework/web/CController.php:483
Stack trace:
#0 /Applications/MAMP/htdocs/SocialCity/framework/web/CController.php(270): CController->missingAction('visita')
#1 /Applications/MAMP/htdocs/SocialCity/framework/web/CWebApplication.php(282): CController->run('visita')
#2 /Applications/MAMP/htdocs/SocialCity/framework/web/CWebApplication.php(141): CWebApplication->runController('site/visita')
#3 /Applications/MAMP/htdocs/SocialCity/framework/base/CApplication.php(180): CWebApplication->processRequest()
#4 /Applications/MAMP/htdocs/SocialCity/index.php(13): CApplication->run()
#5 {main}
REQUEST_URI=/index.php?r=site/visita
HTTP_REFERER=http://localhost/
---
2014/01/30 07:46:07 [error] [exception.CDbException] exception 'CDbException' with message 'CDbConnection failed to open the DB connection: SQLSTATE[42000] [1049] Unknown database 'socialcitydb'' in /Applications/MAMP/htdocs/SocialCity/framework/db/CDbConnection.php:382
Stack trace:
#0 /Applications/MAMP/htdocs/SocialCity/framework/db/CDbConnection.php(330): CDbConnection->open()
#1 /Applications/MAMP/htdocs/SocialCity/framework/db/CDbConnection.php(308): CDbConnection->setActive(true)
#2 /Applications/MAMP/htdocs/SocialCity/framework/base/CModule.php(387): CDbConnection->init()
#3 /Applications/MAMP/htdocs/SocialCity/framework/base/CApplication.php(450): CModule->getComponent('db')
#4 /Applications/MAMP/htdocs/SocialCity/framework/db/ar/CActiveRecord.php(634): CApplication->getDb()
#5 /Applications/MAMP/htdocs/SocialCity/framework/db/ar/CActiveRecord.php(2361): CActiveRecord->getDbConnection()
#6 /Applications/MAMP/htdocs/SocialCity/framework/db/ar/CActiveRecord.php(411): CActiveRecordMetaData->__construct(Object(Ciudad))
#7 /Applications/MAMP/htdocs/SocialCity/framework/db/ar/CActiveRecord.php(79): CActiveRecord->getMetaData()
#8 /Applications/MAMP/htdocs/SocialCity/protected/controllers/CiudadController.php(65): CActiveRecord->__construct()
#9 /Applications/MAMP/htdocs/SocialCity/framework/web/actions/CInlineAction.php(49): CiudadController->actionCreate()
#10 /Applications/MAMP/htdocs/SocialCity/framework/web/CController.php(308): CInlineAction->runWithParams(Array)
#11 /Applications/MAMP/htdocs/SocialCity/framework/web/filters/CFilterChain.php(133): CController->runAction(Object(CInlineAction))
#12 /Applications/MAMP/htdocs/SocialCity/framework/web/filters/CFilter.php(40): CFilterChain->run()
#13 /Applications/MAMP/htdocs/SocialCity/framework/web/CController.php(1145): CFilter->filter(Object(CFilterChain))
#14 /Applications/MAMP/htdocs/SocialCity/framework/web/filters/CInlineFilter.php(58): CController->filterAccessControl(Object(CFilterChain))
#15 /Applications/MAMP/htdocs/SocialCity/framework/web/filters/CFilterChain.php(130): CInlineFilter->filter(Object(CFilterChain))
#16 /Applications/MAMP/htdocs/SocialCity/framework/web/CController.php(291): CFilterChain->run()
#17 /Applications/MAMP/htdocs/SocialCity/framework/web/CController.php(265): CController->runActionWithFilters(Object(CInlineAction), Array)
#18 /Applications/MAMP/htdocs/SocialCity/framework/web/CWebApplication.php(282): CController->run('create')
#19 /Applications/MAMP/htdocs/SocialCity/framework/web/CWebApplication.php(141): CWebApplication->runController('ciudad/create')
#20 /Applications/MAMP/htdocs/SocialCity/framework/base/CApplication.php(180): CWebApplication->processRequest()
#21 /Applications/MAMP/htdocs/SocialCity/index.php(13): CApplication->run()
#22 {main}
REQUEST_URI=/index.php?r=ciudad/create
HTTP_REFERER=http://localhost/index.php?r=site/login
---
2014/01/30 07:46:16 [error] [exception.CDbException] exception 'CDbException' with message 'CDbConnection failed to open the DB connection: SQLSTATE[42000] [1049] Unknown database 'socialcitydb'' in /Applications/MAMP/htdocs/SocialCity/framework/db/CDbConnection.php:382
Stack trace:
#0 /Applications/MAMP/htdocs/SocialCity/framework/db/CDbConnection.php(330): CDbConnection->open()
#1 /Applications/MAMP/htdocs/SocialCity/framework/db/CDbConnection.php(308): CDbConnection->setActive(true)
#2 /Applications/MAMP/htdocs/SocialCity/framework/base/CModule.php(387): CDbConnection->init()
#3 /Applications/MAMP/htdocs/SocialCity/framework/base/CApplication.php(450): CModule->getComponent('db')
#4 /Applications/MAMP/htdocs/SocialCity/framework/db/ar/CActiveRecord.php(634): CApplication->getDb()
#5 /Applications/MAMP/htdocs/SocialCity/framework/db/ar/CActiveRecord.php(667): CActiveRecord->getDbConnection()
#6 /Applications/MAMP/htdocs/SocialCity/framework/db/ar/CActiveRecord.php(1469): CActiveRecord->getCommandBuilder()
#7 /Applications/MAMP/htdocs/SocialCity/framework/web/CActiveDataProvider.php(199): CActiveRecord->findAll(Object(CDbCriteria))
#8 /Applications/MAMP/htdocs/SocialCity/framework/web/CDataProvider.php(168): CActiveDataProvider->fetchData()
#9 /Applications/MAMP/htdocs/SocialCity/protected/controllers/CalendarioController.php(31): CDataProvider->getData()
#10 /Applications/MAMP/htdocs/SocialCity/framework/web/actions/CInlineAction.php(49): CalendarioController->actionVisitaPeriodo()
#11 /Applications/MAMP/htdocs/SocialCity/framework/web/CController.php(308): CInlineAction->runWithParams(Array)
#12 /Applications/MAMP/htdocs/SocialCity/framework/web/CController.php(286): CController->runAction(Object(CInlineAction))
#13 /Applications/MAMP/htdocs/SocialCity/framework/web/CController.php(265): CController->runActionWithFilters(Object(CInlineAction), Array)
#14 /Applications/MAMP/htdocs/SocialCity/framework/web/CWebApplication.php(282): CController->run('visitaPeriodo')
#15 /Applications/MAMP/htdocs/SocialCity/framework/web/CWebApplication.php(141): CWebApplication->runController('calendario/visi...')
#16 /Applications/MAMP/htdocs/SocialCity/framework/base/CApplication.php(180): CWebApplication->processRequest()
#17 /Applications/MAMP/htdocs/SocialCity/index.php(13): CApplication->run()
#18 {main}
REQUEST_URI=/index.php?r=calendario/visitaPeriodo&from=1388530800000&to=1391209200000
HTTP_REFERER=http://localhost/index.php?r=calendario/calendario
---
2014/01/30 07:46:21 [error] [exception.CDbException] exception 'CDbException' with message 'CDbConnection failed to open the DB connection: SQLSTATE[42000] [1049] Unknown database 'socialcitydb'' in /Applications/MAMP/htdocs/SocialCity/framework/db/CDbConnection.php:382
Stack trace:
#0 /Applications/MAMP/htdocs/SocialCity/framework/db/CDbConnection.php(330): CDbConnection->open()
#1 /Applications/MAMP/htdocs/SocialCity/framework/db/CDbConnection.php(308): CDbConnection->setActive(true)
#2 /Applications/MAMP/htdocs/SocialCity/framework/base/CModule.php(387): CDbConnection->init()
#3 /Applications/MAMP/htdocs/SocialCity/framework/base/CApplication.php(450): CModule->getComponent('db')
#4 /Applications/MAMP/htdocs/SocialCity/framework/db/ar/CActiveRecord.php(634): CApplication->getDb()
#5 /Applications/MAMP/htdocs/SocialCity/framework/db/ar/CActiveRecord.php(2361): CActiveRecord->getDbConnection()
#6 /Applications/MAMP/htdocs/SocialCity/framework/db/ar/CActiveRecord.php(411): CActiveRecordMetaData->__construct(Object(Amigo))
#7 /Applications/MAMP/htdocs/SocialCity/framework/db/ar/CActiveRecord.php(79): CActiveRecord->getMetaData()
#8 /Applications/MAMP/htdocs/SocialCity/protected/controllers/AmigoController.php(168): CActiveRecord->__construct()
#9 /Applications/MAMP/htdocs/SocialCity/framework/web/actions/CInlineAction.php(49): AmigoController->actionIndex()
#10 /Applications/MAMP/htdocs/SocialCity/framework/web/CController.php(308): CInlineAction->runWithParams(Array)
#11 /Applications/MAMP/htdocs/SocialCity/framework/web/filters/CFilterChain.php(133): CController->runAction(Object(CInlineAction))
#12 /Applications/MAMP/htdocs/SocialCity/framework/web/filters/CFilter.php(40): CFilterChain->run()
#13 /Applications/MAMP/htdocs/SocialCity/framework/web/CController.php(1145): CFilter->filter(Object(CFilterChain))
#14 /Applications/MAMP/htdocs/SocialCity/framework/web/filters/CInlineFilter.php(58): CController->filterAccessControl(Object(CFilterChain))
#15 /Applications/MAMP/htdocs/SocialCity/framework/web/filters/CFilterChain.php(130): CInlineFilter->filter(Object(CFilterChain))
#16 /Applications/MAMP/htdocs/SocialCity/framework/web/CController.php(291): CFilterChain->run()
#17 /Applications/MAMP/htdocs/SocialCity/framework/web/CController.php(265): CController->runActionWithFilters(Object(CInlineAction), Array)
#18 /Applications/MAMP/htdocs/SocialCity/framework/web/CWebApplication.php(282): CController->run('index')
#19 /Applications/MAMP/htdocs/SocialCity/framework/web/CWebApplication.php(141): CWebApplication->runController('amigo/index')
#20 /Applications/MAMP/htdocs/SocialCity/framework/base/CApplication.php(180): CWebApplication->processRequest()
#21 /Applications/MAMP/htdocs/SocialCity/index.php(13): CApplication->run()
#22 {main}
REQUEST_URI=/index.php?r=amigo/index
HTTP_REFERER=http://localhost/index.php?r=calendario/calendario
---
2014/01/30 07:46:25 [error] [exception.CHttpException.404] exception 'CHttpException' with message 'The system is unable to find the requested action "visita".' in /Applications/MAMP/htdocs/SocialCity/framework/web/CController.php:483
Stack trace:
#0 /Applications/MAMP/htdocs/SocialCity/framework/web/CController.php(270): CController->missingAction('visita')
#1 /Applications/MAMP/htdocs/SocialCity/framework/web/CWebApplication.php(282): CController->run('visita')
#2 /Applications/MAMP/htdocs/SocialCity/framework/web/CWebApplication.php(141): CWebApplication->runController('calendario/visi...')
#3 /Applications/MAMP/htdocs/SocialCity/framework/base/CApplication.php(180): CWebApplication->processRequest()
#4 /Applications/MAMP/htdocs/SocialCity/index.php(13): CApplication->run()
#5 {main}
REQUEST_URI=/index.php?r=calendario/visita
HTTP_REFERER=http://localhost/index.php?r=calendario/calendario
---
2014/01/30 07:46:30 [error] [exception.CDbException] exception 'CDbException' with message 'CDbConnection failed to open the DB connection: SQLSTATE[42000] [1049] Unknown database 'socialcitydb'' in /Applications/MAMP/htdocs/SocialCity/framework/db/CDbConnection.php:382
Stack trace:
#0 /Applications/MAMP/htdocs/SocialCity/framework/db/CDbConnection.php(330): CDbConnection->open()
#1 /Applications/MAMP/htdocs/SocialCity/framework/db/CDbConnection.php(308): CDbConnection->setActive(true)
#2 /Applications/MAMP/htdocs/SocialCity/framework/base/CModule.php(387): CDbConnection->init()
#3 /Applications/MAMP/htdocs/SocialCity/framework/base/CApplication.php(450): CModule->getComponent('db')
#4 /Applications/MAMP/htdocs/SocialCity/framework/db/ar/CActiveRecord.php(634): CApplication->getDb()
#5 /Applications/MAMP/htdocs/SocialCity/framework/db/ar/CActiveRecord.php(2361): CActiveRecord->getDbConnection()
#6 /Applications/MAMP/htdocs/SocialCity/framework/db/ar/CActiveRecord.php(411): CActiveRecordMetaData->__construct(Object(Ciudad))
#7 /Applications/MAMP/htdocs/SocialCity/framework/db/ar/CActiveRecord.php(79): CActiveRecord->getMetaData()
#8 /Applications/MAMP/htdocs/SocialCity/protected/views/ciudad/index.php(8): CActiveRecord->__construct()
#9 /Applications/MAMP/htdocs/SocialCity/framework/web/CBaseController.php(126): require('/Applications/M...')
#10 /Applications/MAMP/htdocs/SocialCity/framework/web/CBaseController.php(95): CBaseController->renderInternal('/Applications/M...', Array, true)
#11 /Applications/MAMP/htdocs/SocialCity/framework/web/CController.php(869): CBaseController->renderFile('/Applications/M...', Array, true)
#12 /Applications/MAMP/htdocs/SocialCity/framework/web/CController.php(782): CController->renderPartial('index', Array, true)
#13 /Applications/MAMP/htdocs/SocialCity/protected/controllers/CiudadController.php(128): CController->render('index', Array)
#14 /Applications/MAMP/htdocs/SocialCity/framework/web/actions/CInlineAction.php(49): CiudadController->actionIndex()
#15 /Applications/MAMP/htdocs/SocialCity/framework/web/CController.php(308): CInlineAction->runWithParams(Array)
#16 /Applications/MAMP/htdocs/SocialCity/framework/web/filters/CFilterChain.php(133): CController->runAction(Object(CInlineAction))
#17 /Applications/MAMP/htdocs/SocialCity/framework/web/filters/CFilter.php(40): CFilterChain->run()
#18 /Applications/MAMP/htdocs/SocialCity/framework/web/CController.php(1145): CFilter->filter(Object(CFilterChain))
#19 /Applications/MAMP/htdocs/SocialCity/framework/web/filters/CInlineFilter.php(58): CController->filterAccessControl(Object(CFilterChain))
#20 /Applications/MAMP/htdocs/SocialCity/framework/web/filters/CFilterChain.php(130): CInlineFilter->filter(Object(CFilterChain))
#21 /Applications/MAMP/htdocs/SocialCity/framework/web/CController.php(291): CFilterChain->run()
#22 /Applications/MAMP/htdocs/SocialCity/framework/web/CController.php(265): CController->runActionWithFilters(Object(CInlineAction), Array)
#23 /Applications/MAMP/htdocs/SocialCity/framework/web/CWebApplication.php(282): CController->run('')
#24 /Applications/MAMP/htdocs/SocialCity/framework/web/CWebApplication.php(141): CWebApplication->runController('ciudad')
#25 /Applications/MAMP/htdocs/SocialCity/framework/base/CApplication.php(180): CWebApplication->processRequest()
#26 /Applications/MAMP/htdocs/SocialCity/index.php(13): CApplication->run()
#27 {main}
REQUEST_URI=/index.php?r=ciudad
HTTP_REFERER=http://localhost/index.php?r=calendario/visita
---
2014/01/30 07:46:39 [error] [exception.CDbException] exception 'CDbException' with message 'CDbConnection failed to open the DB connection: SQLSTATE[42000] [1049] Unknown database 'socialcitydb'' in /Applications/MAMP/htdocs/SocialCity/framework/db/CDbConnection.php:382
Stack trace:
#0 /Applications/MAMP/htdocs/SocialCity/framework/db/CDbConnection.php(330): CDbConnection->open()
#1 /Applications/MAMP/htdocs/SocialCity/framework/db/CDbConnection.php(308): CDbConnection->setActive(true)
#2 /Applications/MAMP/htdocs/SocialCity/framework/base/CModule.php(387): CDbConnection->init()
#3 /Applications/MAMP/htdocs/SocialCity/framework/base/CApplication.php(450): CModule->getComponent('db')
#4 /Applications/MAMP/htdocs/SocialCity/framework/db/ar/CActiveRecord.php(634): CApplication->getDb()
#5 /Applications/MAMP/htdocs/SocialCity/framework/db/ar/CActiveRecord.php(2361): CActiveRecord->getDbConnection()
#6 /Applications/MAMP/htdocs/SocialCity/framework/db/ar/CActiveRecord.php(411): CActiveRecordMetaData->__construct(Object(Ciudad))
#7 /Applications/MAMP/htdocs/SocialCity/framework/db/ar/CActiveRecord.php(79): CActiveRecord->getMetaData()
#8 /Applications/MAMP/htdocs/SocialCity/protected/controllers/CiudadController.php(65): CActiveRecord->__construct()
#9 /Applications/MAMP/htdocs/SocialCity/framework/web/actions/CInlineAction.php(49): CiudadController->actionCreate()
#10 /Applications/MAMP/htdocs/SocialCity/framework/web/CController.php(308): CInlineAction->runWithParams(Array)
#11 /Applications/MAMP/htdocs/SocialCity/framework/web/filters/CFilterChain.php(133): CController->runAction(Object(CInlineAction))
#12 /Applications/MAMP/htdocs/SocialCity/framework/web/filters/CFilter.php(40): CFilterChain->run()
#13 /Applications/MAMP/htdocs/SocialCity/framework/web/CController.php(1145): CFilter->filter(Object(CFilterChain))
#14 /Applications/MAMP/htdocs/SocialCity/framework/web/filters/CInlineFilter.php(58): CController->filterAccessControl(Object(CFilterChain))
#15 /Applications/MAMP/htdocs/SocialCity/framework/web/filters/CFilterChain.php(130): CInlineFilter->filter(Object(CFilterChain))
#16 /Applications/MAMP/htdocs/SocialCity/framework/web/CController.php(291): CFilterChain->run()
#17 /Applications/MAMP/htdocs/SocialCity/framework/web/CController.php(265): CController->runActionWithFilters(Object(CInlineAction), Array)
#18 /Applications/MAMP/htdocs/SocialCity/framework/web/CWebApplication.php(282): CController->run('create')
#19 /Applications/MAMP/htdocs/SocialCity/framework/web/CWebApplication.php(141): CWebApplication->runController('ciudad/create')
#20 /Applications/MAMP/htdocs/SocialCity/framework/base/CApplication.php(180): CWebApplication->processRequest()
#21 /Applications/MAMP/htdocs/SocialCity/index.php(13): CApplication->run()
#22 {main}
REQUEST_URI=/index.php?r=ciudad/create
HTTP_REFERER=http://localhost/index.php?r=calendario/visita
---
2014/01/30 08:30:55 [error] [exception.CHttpException.404] exception 'CHttpException' with message 'The system is unable to find the requested action "visita".' in /Applications/MAMP/htdocs/SocialCity/framework/web/CController.php:483
Stack trace:
#0 /Applications/MAMP/htdocs/SocialCity/framework/web/CController.php(270): CController->missingAction('visita')
#1 /Applications/MAMP/htdocs/SocialCity/framework/web/CWebApplication.php(282): CController->run('visita')
#2 /Applications/MAMP/htdocs/SocialCity/framework/web/CWebApplication.php(141): CWebApplication->runController('calendario/visi...')
#3 /Applications/MAMP/htdocs/SocialCity/framework/base/CApplication.php(180): CWebApplication->processRequest()
#4 /Applications/MAMP/htdocs/SocialCity/index.php(13): CApplication->run()
#5 {main}
REQUEST_URI=/index.php?r=calendario/visita
HTTP_REFERER=http://localhost/index.php?r=calendario/calendario
---
2014/01/30 08:32:01 [error] [exception.CHttpException.404] exception 'CHttpException' with message 'The system is unable to find the requested action "visita".' in /Applications/MAMP/htdocs/SocialCity/framework/web/CController.php:483
Stack trace:
#0 /Applications/MAMP/htdocs/SocialCity/framework/web/CController.php(270): CController->missingAction('visita')
#1 /Applications/MAMP/htdocs/SocialCity/framework/web/CWebApplication.php(282): CController->run('visita')
#2 /Applications/MAMP/htdocs/SocialCity/framework/web/CWebApplication.php(141): CWebApplication->runController('calendario/visi...')
#3 /Applications/MAMP/htdocs/SocialCity/framework/base/CApplication.php(180): CWebApplication->processRequest()
#4 /Applications/MAMP/htdocs/SocialCity/index.php(13): CApplication->run()
#5 {main}
REQUEST_URI=/index.php?r=calendario/visita
HTTP_REFERER=http://localhost/index.php?r=calendario/calendario
---
2014/01/30 08:32:20 [error] [exception.CHttpException.404] exception 'CHttpException' with message 'The system is unable to find the requested action "visita".' in /Applications/MAMP/htdocs/SocialCity/framework/web/CController.php:483
Stack trace:
#0 /Applications/MAMP/htdocs/SocialCity/framework/web/CController.php(270): CController->missingAction('visita')
#1 /Applications/MAMP/htdocs/SocialCity/framework/web/CWebApplication.php(282): CController->run('visita')
#2 /Applications/MAMP/htdocs/SocialCity/framework/web/CWebApplication.php(141): CWebApplication->runController('calendario/visi...')
#3 /Applications/MAMP/htdocs/SocialCity/framework/base/CApplication.php(180): CWebApplication->processRequest()
#4 /Applications/MAMP/htdocs/SocialCity/index.php(13): CApplication->run()
#5 {main}
REQUEST_URI=/index.php?r=calendario/visita
HTTP_REFERER=http://localhost/index.php?r=calendario/calendario
---
2014/01/30 08:32:29 [error] [exception.CHttpException.404] exception 'CHttpException' with message 'The system is unable to find the requested action "visita".' in /Applications/MAMP/htdocs/SocialCity/framework/web/CController.php:483
Stack trace:
#0 /Applications/MAMP/htdocs/SocialCity/framework/web/CController.php(270): CController->missingAction('visita')
#1 /Applications/MAMP/htdocs/SocialCity/framework/web/CWebApplication.php(282): CController->run('visita')
#2 /Applications/MAMP/htdocs/SocialCity/framework/web/CWebApplication.php(141): CWebApplication->runController('calendario/visi...')
#3 /Applications/MAMP/htdocs/SocialCity/framework/base/CApplication.php(180): CWebApplication->processRequest()
#4 /Applications/MAMP/htdocs/SocialCity/index.php(13): CApplication->run()
#5 {main}
REQUEST_URI=/index.php?r=calendario/visita
HTTP_REFERER=http://localhost/index.php?r=calendario/calendario
---
2014/01/30 08:32:35 [error] [php] Undefined index:  id (/Applications/MAMP/htdocs/SocialCity/protected/models/Ciudad.php:113)
Stack trace:
#0 /Applications/MAMP/htdocs/SocialCity/framework/web/CBaseController.php(95): CiudadController->renderInternal()
#1 /Applications/MAMP/htdocs/SocialCity/framework/web/CController.php(869): CiudadController->renderFile()
#2 /Applications/MAMP/htdocs/SocialCity/framework/web/CController.php(782): CiudadController->renderPartial()
#3 /Applications/MAMP/htdocs/SocialCity/protected/controllers/CiudadController.php(128): CiudadController->render()
#4 /Applications/MAMP/htdocs/SocialCity/framework/web/actions/CInlineAction.php(49): CiudadController->actionIndex()
#5 /Applications/MAMP/htdocs/SocialCity/framework/web/CController.php(308): CInlineAction->runWithParams()
#6 /Applications/MAMP/htdocs/SocialCity/framework/web/filters/CFilterChain.php(133): CiudadController->runAction()
#7 /Applications/MAMP/htdocs/SocialCity/framework/web/filters/CFilter.php(40): CFilterChain->run()
#8 /Applications/MAMP/htdocs/SocialCity/framework/web/CController.php(1145): CAccessControlFilter->filter()
#9 /Applications/MAMP/htdocs/SocialCity/framework/web/filters/CInlineFilter.php(58): CiudadController->filterAccessControl()
#10 /Applications/MAMP/htdocs/SocialCity/framework/web/filters/CFilterChain.php(130): CInlineFilter->filter()
#11 /Applications/MAMP/htdocs/SocialCity/framework/web/CController.php(291): CFilterChain->run()
#12 /Applications/MAMP/htdocs/SocialCity/framework/web/CController.php(265): CiudadController->runActionWithFilters()
#13 /Applications/MAMP/htdocs/SocialCity/framework/web/CWebApplication.php(282): CiudadController->run()
#14 /Applications/MAMP/htdocs/SocialCity/framework/web/CWebApplication.php(141): CWebApplication->runController()
#15 /Applications/MAMP/htdocs/SocialCity/framework/base/CApplication.php(180): CWebApplication->processRequest()
#16 /Applications/MAMP/htdocs/SocialCity/index.php(13): CWebApplication->run()
REQUEST_URI=/index.php?r=ciudad
in /Applications/MAMP/htdocs/SocialCity/protected/models/Ciudad.php (113)
in /Applications/MAMP/htdocs/SocialCity/protected/views/ciudad/index.php (144)
in /Applications/MAMP/htdocs/SocialCity/protected/controllers/CiudadController.php (128)
2014/01/30 08:32:57 [error] [exception.CHttpException.404] exception 'CHttpException' with message 'The system is unable to find the requested action "visita".' in /Applications/MAMP/htdocs/SocialCity/framework/web/CController.php:483
Stack trace:
#0 /Applications/MAMP/htdocs/SocialCity/framework/web/CController.php(270): CController->missingAction('visita')
#1 /Applications/MAMP/htdocs/SocialCity/framework/web/CWebApplication.php(282): CController->run('visita')
#2 /Applications/MAMP/htdocs/SocialCity/framework/web/CWebApplication.php(141): CWebApplication->runController('ciudad/visita')
#3 /Applications/MAMP/htdocs/SocialCity/framework/base/CApplication.php(180): CWebApplication->processRequest()
#4 /Applications/MAMP/htdocs/SocialCity/index.php(13): CApplication->run()
#5 {main}
REQUEST_URI=/index.php?r=ciudad/visita
HTTP_REFERER=http://localhost/index.php?r=ciudad/create
---
2014/01/30 08:33:34 [error] [php] Undefined index:  id (/Applications/MAMP/htdocs/SocialCity/protected/models/Ciudad.php:113)
Stack trace:
#0 /Applications/MAMP/htdocs/SocialCity/framework/web/CBaseController.php(95): CiudadController->renderInternal()
#1 /Applications/MAMP/htdocs/SocialCity/framework/web/CController.php(869): CiudadController->renderFile()
#2 /Applications/MAMP/htdocs/SocialCity/framework/web/CController.php(782): CiudadController->renderPartial()
#3 /Applications/MAMP/htdocs/SocialCity/protected/controllers/CiudadController.php(128): CiudadController->render()
#4 /Applications/MAMP/htdocs/SocialCity/framework/web/actions/CInlineAction.php(49): CiudadController->actionIndex()
#5 /Applications/MAMP/htdocs/SocialCity/framework/web/CController.php(308): CInlineAction->runWithParams()
#6 /Applications/MAMP/htdocs/SocialCity/framework/web/filters/CFilterChain.php(133): CiudadController->runAction()
#7 /Applications/MAMP/htdocs/SocialCity/framework/web/filters/CFilter.php(40): CFilterChain->run()
#8 /Applications/MAMP/htdocs/SocialCity/framework/web/CController.php(1145): CAccessControlFilter->filter()
#9 /Applications/MAMP/htdocs/SocialCity/framework/web/filters/CInlineFilter.php(58): CiudadController->filterAccessControl()
#10 /Applications/MAMP/htdocs/SocialCity/framework/web/filters/CFilterChain.php(130): CInlineFilter->filter()
#11 /Applications/MAMP/htdocs/SocialCity/framework/web/CController.php(291): CFilterChain->run()
#12 /Applications/MAMP/htdocs/SocialCity/framework/web/CController.php(265): CiudadController->runActionWithFilters()
#13 /Applications/MAMP/htdocs/SocialCity/framework/web/CWebApplication.php(282): CiudadController->run()
#14 /Applications/MAMP/htdocs/SocialCity/framework/web/CWebApplication.php(141): CWebApplication->runController()
#15 /Applications/MAMP/htdocs/SocialCity/framework/base/CApplication.php(180): CWebApplication->processRequest()
#16 /Applications/MAMP/htdocs/SocialCity/index.php(13): CWebApplication->run()
REQUEST_URI=/index.php?r=ciudad
in /Applications/MAMP/htdocs/SocialCity/protected/models/Ciudad.php (113)
in /Applications/MAMP/htdocs/SocialCity/protected/views/ciudad/index.php (144)
in /Applications/MAMP/htdocs/SocialCity/protected/controllers/CiudadController.php (128)
2014/01/30 08:34:00 [error] [exception.CHttpException.404] exception 'CHttpException' with message 'The system is unable to find the requested action "create?".' in /Applications/MAMP/htdocs/SocialCity/framework/web/CController.php:483
Stack trace:
#0 /Applications/MAMP/htdocs/SocialCity/framework/web/CController.php(270): CController->missingAction('create?')
#1 /Applications/MAMP/htdocs/SocialCity/framework/web/CWebApplication.php(282): CController->run('create?')
#2 /Applications/MAMP/htdocs/SocialCity/framework/web/CWebApplication.php(141): CWebApplication->runController('ciudad/create?')
#3 /Applications/MAMP/htdocs/SocialCity/framework/base/CApplication.php(180): CWebApplication->processRequest()
#4 /Applications/MAMP/htdocs/SocialCity/index.php(13): CApplication->run()
#5 {main}
REQUEST_URI=/index.php?r=ciudad/create?
HTTP_REFERER=http://localhost/index.php?r=ciudad/create
---
2014/01/30 08:37:55 [error] [exception.CHttpException.404] exception 'CHttpException' with message 'The system is unable to find the requested action "create?".' in /Applications/MAMP/htdocs/SocialCity/framework/web/CController.php:483
Stack trace:
#0 /Applications/MAMP/htdocs/SocialCity/framework/web/CController.php(270): CController->missingAction('create?')
#1 /Applications/MAMP/htdocs/SocialCity/framework/web/CWebApplication.php(282): CController->run('create?')
#2 /Applications/MAMP/htdocs/SocialCity/framework/web/CWebApplication.php(141): CWebApplication->runController('ciudad/create?')
#3 /Applications/MAMP/htdocs/SocialCity/framework/base/CApplication.php(180): CWebApplication->processRequest()
#4 /Applications/MAMP/htdocs/SocialCity/index.php(13): CApplication->run()
#5 {main}
REQUEST_URI=/index.php?r=ciudad/create?
HTTP_REFERER=http://localhost/index.php?r=ciudad/create
---
2014/01/30 08:39:10 [error] [php] Undefined index:  id (/Applications/MAMP/htdocs/SocialCity/protected/models/Ciudad.php:113)
Stack trace:
#0 /Applications/MAMP/htdocs/SocialCity/framework/web/CBaseController.php(95): CiudadController->renderInternal()
#1 /Applications/MAMP/htdocs/SocialCity/framework/web/CController.php(869): CiudadController->renderFile()
#2 /Applications/MAMP/htdocs/SocialCity/framework/web/CController.php(782): CiudadController->renderPartial()
#3 /Applications/MAMP/htdocs/SocialCity/protected/controllers/CiudadController.php(128): CiudadController->render()
#4 /Applications/MAMP/htdocs/SocialCity/framework/web/actions/CInlineAction.php(49): CiudadController->actionIndex()
#5 /Applications/MAMP/htdocs/SocialCity/framework/web/CController.php(308): CInlineAction->runWithParams()
#6 /Applications/MAMP/htdocs/SocialCity/framework/web/filters/CFilterChain.php(133): CiudadController->runAction()
#7 /Applications/MAMP/htdocs/SocialCity/framework/web/filters/CFilter.php(40): CFilterChain->run()
#8 /Applications/MAMP/htdocs/SocialCity/framework/web/CController.php(1145): CAccessControlFilter->filter()
#9 /Applications/MAMP/htdocs/SocialCity/framework/web/filters/CInlineFilter.php(58): CiudadController->filterAccessControl()
#10 /Applications/MAMP/htdocs/SocialCity/framework/web/filters/CFilterChain.php(130): CInlineFilter->filter()
#11 /Applications/MAMP/htdocs/SocialCity/framework/web/CController.php(291): CFilterChain->run()
#12 /Applications/MAMP/htdocs/SocialCity/framework/web/CController.php(265): CiudadController->runActionWithFilters()
#13 /Applications/MAMP/htdocs/SocialCity/framework/web/CWebApplication.php(282): CiudadController->run()
#14 /Applications/MAMP/htdocs/SocialCity/framework/web/CWebApplication.php(141): CWebApplication->runController()
#15 /Applications/MAMP/htdocs/SocialCity/framework/base/CApplication.php(180): CWebApplication->processRequest()
#16 /Applications/MAMP/htdocs/SocialCity/index.php(13): CWebApplication->run()
REQUEST_URI=/index.php?r=ciudad/index
in /Applications/MAMP/htdocs/SocialCity/protected/models/Ciudad.php (113)
in /Applications/MAMP/htdocs/SocialCity/protected/views/ciudad/index.php (144)
in /Applications/MAMP/htdocs/SocialCity/protected/controllers/CiudadController.php (128)
2014/01/30 08:39:42 [error] [php] Undefined index:  id (/Applications/MAMP/htdocs/SocialCity/protected/models/Ciudad.php:113)
Stack trace:
#0 /Applications/MAMP/htdocs/SocialCity/framework/web/CBaseController.php(95): CiudadController->renderInternal()
#1 /Applications/MAMP/htdocs/SocialCity/framework/web/CController.php(869): CiudadController->renderFile()
#2 /Applications/MAMP/htdocs/SocialCity/framework/web/CController.php(782): CiudadController->renderPartial()
#3 /Applications/MAMP/htdocs/SocialCity/protected/controllers/CiudadController.php(128): CiudadController->render()
#4 /Applications/MAMP/htdocs/SocialCity/framework/web/actions/CInlineAction.php(49): CiudadController->actionIndex()
#5 /Applications/MAMP/htdocs/SocialCity/framework/web/CController.php(308): CInlineAction->runWithParams()
#6 /Applications/MAMP/htdocs/SocialCity/framework/web/filters/CFilterChain.php(133): CiudadController->runAction()
#7 /Applications/MAMP/htdocs/SocialCity/framework/web/filters/CFilter.php(40): CFilterChain->run()
#8 /Applications/MAMP/htdocs/SocialCity/framework/web/CController.php(1145): CAccessControlFilter->filter()
#9 /Applications/MAMP/htdocs/SocialCity/framework/web/filters/CInlineFilter.php(58): CiudadController->filterAccessControl()
#10 /Applications/MAMP/htdocs/SocialCity/framework/web/filters/CFilterChain.php(130): CInlineFilter->filter()
#11 /Applications/MAMP/htdocs/SocialCity/framework/web/CController.php(291): CFilterChain->run()
#12 /Applications/MAMP/htdocs/SocialCity/framework/web/CController.php(265): CiudadController->runActionWithFilters()
#13 /Applications/MAMP/htdocs/SocialCity/framework/web/CWebApplication.php(282): CiudadController->run()
#14 /Applications/MAMP/htdocs/SocialCity/framework/web/CWebApplication.php(141): CWebApplication->runController()
#15 /Applications/MAMP/htdocs/SocialCity/framework/base/CApplication.php(180): CWebApplication->processRequest()
#16 /Applications/MAMP/htdocs/SocialCity/index.php(13): CWebApplication->run()
REQUEST_URI=/index.php?r=ciudad/index
in /Applications/MAMP/htdocs/SocialCity/protected/models/Ciudad.php (113)
in /Applications/MAMP/htdocs/SocialCity/protected/views/ciudad/index.php (144)
in /Applications/MAMP/htdocs/SocialCity/protected/controllers/CiudadController.php (128)
2014/01/30 08:42:47 [error] [exception.CHttpException.400] exception 'CHttpException' with message 'Your request is invalid.' in /Applications/MAMP/htdocs/SocialCity/framework/web/CController.php:336
Stack trace:
#0 /Applications/MAMP/htdocs/SocialCity/framework/web/CController.php(309): CController->invalidActionParams(Object(CInlineAction))
#1 /Applications/MAMP/htdocs/SocialCity/framework/web/filters/CFilterChain.php(133): CController->runAction(Object(CInlineAction))
#2 /Applications/MAMP/htdocs/SocialCity/framework/web/filters/CFilter.php(40): CFilterChain->run()
#3 /Applications/MAMP/htdocs/SocialCity/framework/web/CController.php(1145): CFilter->filter(Object(CFilterChain))
#4 /Applications/MAMP/htdocs/SocialCity/framework/web/filters/CInlineFilter.php(58): CController->filterAccessControl(Object(CFilterChain))
#5 /Applications/MAMP/htdocs/SocialCity/framework/web/filters/CFilterChain.php(130): CInlineFilter->filter(Object(CFilterChain))
#6 /Applications/MAMP/htdocs/SocialCity/framework/web/CController.php(291): CFilterChain->run()
#7 /Applications/MAMP/htdocs/SocialCity/framework/web/CController.php(265): CController->runActionWithFilters(Object(CInlineAction), Array)
#8 /Applications/MAMP/htdocs/SocialCity/framework/web/CWebApplication.php(282): CController->run('view')
#9 /Applications/MAMP/htdocs/SocialCity/framework/web/CWebApplication.php(141): CWebApplication->runController('ciudad/view')
#10 /Applications/MAMP/htdocs/SocialCity/framework/base/CApplication.php(180): CWebApplication->processRequest()
#11 /Applications/MAMP/htdocs/SocialCity/index.php(13): CApplication->run()
#12 {main}
REQUEST_URI=/index.php?r=ciudad/view
---
2014/01/30 08:43:48 [error] [php] Undefined index:  id (/Applications/MAMP/htdocs/SocialCity/protected/models/Ciudad.php:113)
Stack trace:
#0 /Applications/MAMP/htdocs/SocialCity/framework/web/CBaseController.php(95): CiudadController->renderInternal()
#1 /Applications/MAMP/htdocs/SocialCity/framework/web/CController.php(869): CiudadController->renderFile()
#2 /Applications/MAMP/htdocs/SocialCity/framework/web/CController.php(782): CiudadController->renderPartial()
#3 /Applications/MAMP/htdocs/SocialCity/protected/controllers/CiudadController.php(128): CiudadController->render()
#4 /Applications/MAMP/htdocs/SocialCity/framework/web/actions/CInlineAction.php(49): CiudadController->actionIndex()
#5 /Applications/MAMP/htdocs/SocialCity/framework/web/CController.php(308): CInlineAction->runWithParams()
#6 /Applications/MAMP/htdocs/SocialCity/framework/web/filters/CFilterChain.php(133): CiudadController->runAction()
#7 /Applications/MAMP/htdocs/SocialCity/framework/web/filters/CFilter.php(40): CFilterChain->run()
#8 /Applications/MAMP/htdocs/SocialCity/framework/web/CController.php(1145): CAccessControlFilter->filter()
#9 /Applications/MAMP/htdocs/SocialCity/framework/web/filters/CInlineFilter.php(58): CiudadController->filterAccessControl()
#10 /Applications/MAMP/htdocs/SocialCity/framework/web/filters/CFilterChain.php(130): CInlineFilter->filter()
#11 /Applications/MAMP/htdocs/SocialCity/framework/web/CController.php(291): CFilterChain->run()
#12 /Applications/MAMP/htdocs/SocialCity/framework/web/CController.php(265): CiudadController->runActionWithFilters()
#13 /Applications/MAMP/htdocs/SocialCity/framework/web/CWebApplication.php(282): CiudadController->run()
#14 /Applications/MAMP/htdocs/SocialCity/framework/web/CWebApplication.php(141): CWebApplication->runController()
#15 /Applications/MAMP/htdocs/SocialCity/framework/base/CApplication.php(180): CWebApplication->processRequest()
#16 /Applications/MAMP/htdocs/SocialCity/index.php(13): CWebApplication->run()
REQUEST_URI=/index.php?r=ciudad/index
in /Applications/MAMP/htdocs/SocialCity/protected/models/Ciudad.php (113)
in /Applications/MAMP/htdocs/SocialCity/protected/views/ciudad/index.php (144)
in /Applications/MAMP/htdocs/SocialCity/protected/controllers/CiudadController.php (128)
2014/01/30 08:44:33 [error] [php] Undefined index:  id (/Applications/MAMP/htdocs/SocialCity/protected/models/Ciudad.php:113)
Stack trace:
#0 /Applications/MAMP/htdocs/SocialCity/framework/web/CBaseController.php(95): CiudadController->renderInternal()
#1 /Applications/MAMP/htdocs/SocialCity/framework/web/CController.php(869): CiudadController->renderFile()
#2 /Applications/MAMP/htdocs/SocialCity/framework/web/CController.php(782): CiudadController->renderPartial()
#3 /Applications/MAMP/htdocs/SocialCity/protected/controllers/CiudadController.php(128): CiudadController->render()
#4 /Applications/MAMP/htdocs/SocialCity/framework/web/actions/CInlineAction.php(49): CiudadController->actionIndex()
#5 /Applications/MAMP/htdocs/SocialCity/framework/web/CController.php(308): CInlineAction->runWithParams()
#6 /Applications/MAMP/htdocs/SocialCity/framework/web/filters/CFilterChain.php(133): CiudadController->runAction()
#7 /Applications/MAMP/htdocs/SocialCity/framework/web/filters/CFilter.php(40): CFilterChain->run()
#8 /Applications/MAMP/htdocs/SocialCity/framework/web/CController.php(1145): CAccessControlFilter->filter()
#9 /Applications/MAMP/htdocs/SocialCity/framework/web/filters/CInlineFilter.php(58): CiudadController->filterAccessControl()
#10 /Applications/MAMP/htdocs/SocialCity/framework/web/filters/CFilterChain.php(130): CInlineFilter->filter()
#11 /Applications/MAMP/htdocs/SocialCity/framework/web/CController.php(291): CFilterChain->run()
#12 /Applications/MAMP/htdocs/SocialCity/framework/web/CController.php(265): CiudadController->runActionWithFilters()
#13 /Applications/MAMP/htdocs/SocialCity/framework/web/CWebApplication.php(282): CiudadController->run()
#14 /Applications/MAMP/htdocs/SocialCity/framework/web/CWebApplication.php(141): CWebApplication->runController()
#15 /Applications/MAMP/htdocs/SocialCity/framework/base/CApplication.php(180): CWebApplication->processRequest()
#16 /Applications/MAMP/htdocs/SocialCity/index.php(13): CWebApplication->run()
REQUEST_URI=/index.php?r=ciudad/index&id=1
in /Applications/MAMP/htdocs/SocialCity/protected/models/Ciudad.php (113)
in /Applications/MAMP/htdocs/SocialCity/protected/views/ciudad/index.php (144)
in /Applications/MAMP/htdocs/SocialCity/protected/controllers/CiudadController.php (128)
2014/01/30 08:44:38 [error] [php] Undefined index:  id (/Applications/MAMP/htdocs/SocialCity/protected/models/Ciudad.php:113)
Stack trace:
#0 /Applications/MAMP/htdocs/SocialCity/framework/web/CBaseController.php(95): CiudadController->renderInternal()
#1 /Applications/MAMP/htdocs/SocialCity/framework/web/CController.php(869): CiudadController->renderFile()
#2 /Applications/MAMP/htdocs/SocialCity/framework/web/CController.php(782): CiudadController->renderPartial()
#3 /Applications/MAMP/htdocs/SocialCity/protected/controllers/CiudadController.php(128): CiudadController->render()
#4 /Applications/MAMP/htdocs/SocialCity/framework/web/actions/CInlineAction.php(49): CiudadController->actionIndex()
#5 /Applications/MAMP/htdocs/SocialCity/framework/web/CController.php(308): CInlineAction->runWithParams()
#6 /Applications/MAMP/htdocs/SocialCity/framework/web/filters/CFilterChain.php(133): CiudadController->runAction()
#7 /Applications/MAMP/htdocs/SocialCity/framework/web/filters/CFilter.php(40): CFilterChain->run()
#8 /Applications/MAMP/htdocs/SocialCity/framework/web/CController.php(1145): CAccessControlFilter->filter()
#9 /Applications/MAMP/htdocs/SocialCity/framework/web/filters/CInlineFilter.php(58): CiudadController->filterAccessControl()
#10 /Applications/MAMP/htdocs/SocialCity/framework/web/filters/CFilterChain.php(130): CInlineFilter->filter()
#11 /Applications/MAMP/htdocs/SocialCity/framework/web/CController.php(291): CFilterChain->run()
#12 /Applications/MAMP/htdocs/SocialCity/framework/web/CController.php(265): CiudadController->runActionWithFilters()
#13 /Applications/MAMP/htdocs/SocialCity/framework/web/CWebApplication.php(282): CiudadController->run()
#14 /Applications/MAMP/htdocs/SocialCity/framework/web/CWebApplication.php(141): CWebApplication->runController()
#15 /Applications/MAMP/htdocs/SocialCity/framework/base/CApplication.php(180): CWebApplication->processRequest()
#16 /Applications/MAMP/htdocs/SocialCity/index.php(13): CWebApplication->run()
REQUEST_URI=/index.php?r=ciudad/index&id=1
in /Applications/MAMP/htdocs/SocialCity/protected/models/Ciudad.php (113)
in /Applications/MAMP/htdocs/SocialCity/protected/views/ciudad/index.php (144)
in /Applications/MAMP/htdocs/SocialCity/protected/controllers/CiudadController.php (128)
2014/01/30 08:44:43 [error] [php] Undefined index:  id (/Applications/MAMP/htdocs/SocialCity/protected/models/Ciudad.php:113)
Stack trace:
#0 /Applications/MAMP/htdocs/SocialCity/framework/web/CBaseController.php(95): CiudadController->renderInternal()
#1 /Applications/MAMP/htdocs/SocialCity/framework/web/CController.php(869): CiudadController->renderFile()
#2 /Applications/MAMP/htdocs/SocialCity/framework/web/CController.php(782): CiudadController->renderPartial()
#3 /Applications/MAMP/htdocs/SocialCity/protected/controllers/CiudadController.php(128): CiudadController->render()
#4 /Applications/MAMP/htdocs/SocialCity/framework/web/actions/CInlineAction.php(49): CiudadController->actionIndex()
#5 /Applications/MAMP/htdocs/SocialCity/framework/web/CController.php(308): CInlineAction->runWithParams()
#6 /Applications/MAMP/htdocs/SocialCity/framework/web/filters/CFilterChain.php(133): CiudadController->runAction()
#7 /Applications/MAMP/htdocs/SocialCity/framework/web/filters/CFilter.php(40): CFilterChain->run()
#8 /Applications/MAMP/htdocs/SocialCity/framework/web/CController.php(1145): CAccessControlFilter->filter()
#9 /Applications/MAMP/htdocs/SocialCity/framework/web/filters/CInlineFilter.php(58): CiudadController->filterAccessControl()
#10 /Applications/MAMP/htdocs/SocialCity/framework/web/filters/CFilterChain.php(130): CInlineFilter->filter()
#11 /Applications/MAMP/htdocs/SocialCity/framework/web/CController.php(291): CFilterChain->run()
#12 /Applications/MAMP/htdocs/SocialCity/framework/web/CController.php(265): CiudadController->runActionWithFilters()
#13 /Applications/MAMP/htdocs/SocialCity/framework/web/CWebApplication.php(282): CiudadController->run()
#14 /Applications/MAMP/htdocs/SocialCity/framework/web/CWebApplication.php(141): CWebApplication->runController()
#15 /Applications/MAMP/htdocs/SocialCity/framework/base/CApplication.php(180): CWebApplication->processRequest()
#16 /Applications/MAMP/htdocs/SocialCity/index.php(13): CWebApplication->run()
REQUEST_URI=/index.php?r=ciudad/index&id=2
in /Applications/MAMP/htdocs/SocialCity/protected/models/Ciudad.php (113)
in /Applications/MAMP/htdocs/SocialCity/protected/views/ciudad/index.php (144)
in /Applications/MAMP/htdocs/SocialCity/protected/controllers/CiudadController.php (128)
2014/01/30 08:44:46 [error] [php] Undefined index:  id (/Applications/MAMP/htdocs/SocialCity/protected/models/Ciudad.php:113)
Stack trace:
#0 /Applications/MAMP/htdocs/SocialCity/framework/web/CBaseController.php(95): CiudadController->renderInternal()
#1 /Applications/MAMP/htdocs/SocialCity/framework/web/CController.php(869): CiudadController->renderFile()
#2 /Applications/MAMP/htdocs/SocialCity/framework/web/CController.php(782): CiudadController->renderPartial()
#3 /Applications/MAMP/htdocs/SocialCity/protected/controllers/CiudadController.php(128): CiudadController->render()
#4 /Applications/MAMP/htdocs/SocialCity/framework/web/actions/CInlineAction.php(49): CiudadController->actionIndex()
#5 /Applications/MAMP/htdocs/SocialCity/framework/web/CController.php(308): CInlineAction->runWithParams()
#6 /Applications/MAMP/htdocs/SocialCity/framework/web/filters/CFilterChain.php(133): CiudadController->runAction()
#7 /Applications/MAMP/htdocs/SocialCity/framework/web/filters/CFilter.php(40): CFilterChain->run()
#8 /Applications/MAMP/htdocs/SocialCity/framework/web/CController.php(1145): CAccessControlFilter->filter()
#9 /Applications/MAMP/htdocs/SocialCity/framework/web/filters/CInlineFilter.php(58): CiudadController->filterAccessControl()
#10 /Applications/MAMP/htdocs/SocialCity/framework/web/filters/CFilterChain.php(130): CInlineFilter->filter()
#11 /Applications/MAMP/htdocs/SocialCity/framework/web/CController.php(291): CFilterChain->run()
#12 /Applications/MAMP/htdocs/SocialCity/framework/web/CController.php(265): CiudadController->runActionWithFilters()
#13 /Applications/MAMP/htdocs/SocialCity/framework/web/CWebApplication.php(282): CiudadController->run()
#14 /Applications/MAMP/htdocs/SocialCity/framework/web/CWebApplication.php(141): CWebApplication->runController()
#15 /Applications/MAMP/htdocs/SocialCity/framework/base/CApplication.php(180): CWebApplication->processRequest()
#16 /Applications/MAMP/htdocs/SocialCity/index.php(13): CWebApplication->run()
REQUEST_URI=/index.php?r=ciudad/index&id=23
in /Applications/MAMP/htdocs/SocialCity/protected/models/Ciudad.php (113)
in /Applications/MAMP/htdocs/SocialCity/protected/views/ciudad/index.php (144)
in /Applications/MAMP/htdocs/SocialCity/protected/controllers/CiudadController.php (128)
2014/01/30 08:45:58 [error] [php] Undefined index:  id (/Applications/MAMP/htdocs/SocialCity/protected/models/Ciudad.php:113)
Stack trace:
#0 /Applications/MAMP/htdocs/SocialCity/framework/web/CBaseController.php(95): CiudadController->renderInternal()
#1 /Applications/MAMP/htdocs/SocialCity/framework/web/CController.php(869): CiudadController->renderFile()
#2 /Applications/MAMP/htdocs/SocialCity/framework/web/CController.php(782): CiudadController->renderPartial()
#3 /Applications/MAMP/htdocs/SocialCity/protected/controllers/CiudadController.php(128): CiudadController->render()
#4 /Applications/MAMP/htdocs/SocialCity/framework/web/actions/CInlineAction.php(49): CiudadController->actionIndex()
#5 /Applications/MAMP/htdocs/SocialCity/framework/web/CController.php(308): CInlineAction->runWithParams()
#6 /Applications/MAMP/htdocs/SocialCity/framework/web/filters/CFilterChain.php(133): CiudadController->runAction()
#7 /Applications/MAMP/htdocs/SocialCity/framework/web/filters/CFilter.php(40): CFilterChain->run()
#8 /Applications/MAMP/htdocs/SocialCity/framework/web/CController.php(1145): CAccessControlFilter->filter()
#9 /Applications/MAMP/htdocs/SocialCity/framework/web/filters/CInlineFilter.php(58): CiudadController->filterAccessControl()
#10 /Applications/MAMP/htdocs/SocialCity/framework/web/filters/CFilterChain.php(130): CInlineFilter->filter()
#11 /Applications/MAMP/htdocs/SocialCity/framework/web/CController.php(291): CFilterChain->run()
#12 /Applications/MAMP/htdocs/SocialCity/framework/web/CController.php(265): CiudadController->runActionWithFilters()
#13 /Applications/MAMP/htdocs/SocialCity/framework/web/CWebApplication.php(282): CiudadController->run()
#14 /Applications/MAMP/htdocs/SocialCity/framework/web/CWebApplication.php(141): CWebApplication->runController()
#15 /Applications/MAMP/htdocs/SocialCity/framework/base/CApplication.php(180): CWebApplication->processRequest()
#16 /Applications/MAMP/htdocs/SocialCity/index.php(13): CWebApplication->run()
REQUEST_URI=/index.php?r=ciudad/index&ciudadId=1
in /Applications/MAMP/htdocs/SocialCity/protected/models/Ciudad.php (113)
in /Applications/MAMP/htdocs/SocialCity/protected/views/ciudad/index.php (144)
in /Applications/MAMP/htdocs/SocialCity/protected/controllers/CiudadController.php (128)
2014/01/30 08:46:17 [error] [php] Undefined index:  id (/Applications/MAMP/htdocs/SocialCity/protected/models/Ciudad.php:113)
Stack trace:
#0 /Applications/MAMP/htdocs/SocialCity/framework/web/CBaseController.php(95): CiudadController->renderInternal()
#1 /Applications/MAMP/htdocs/SocialCity/framework/web/CController.php(869): CiudadController->renderFile()
#2 /Applications/MAMP/htdocs/SocialCity/framework/web/CController.php(782): CiudadController->renderPartial()
#3 /Applications/MAMP/htdocs/SocialCity/protected/controllers/CiudadController.php(128): CiudadController->render()
#4 /Applications/MAMP/htdocs/SocialCity/framework/web/actions/CInlineAction.php(49): CiudadController->actionIndex()
#5 /Applications/MAMP/htdocs/SocialCity/framework/web/CController.php(308): CInlineAction->runWithParams()
#6 /Applications/MAMP/htdocs/SocialCity/framework/web/filters/CFilterChain.php(133): CiudadController->runAction()
#7 /Applications/MAMP/htdocs/SocialCity/framework/web/filters/CFilter.php(40): CFilterChain->run()
#8 /Applications/MAMP/htdocs/SocialCity/framework/web/CController.php(1145): CAccessControlFilter->filter()
#9 /Applications/MAMP/htdocs/SocialCity/framework/web/filters/CInlineFilter.php(58): CiudadController->filterAccessControl()
#10 /Applications/MAMP/htdocs/SocialCity/framework/web/filters/CFilterChain.php(130): CInlineFilter->filter()
#11 /Applications/MAMP/htdocs/SocialCity/framework/web/CController.php(291): CFilterChain->run()
#12 /Applications/MAMP/htdocs/SocialCity/framework/web/CController.php(265): CiudadController->runActionWithFilters()
#13 /Applications/MAMP/htdocs/SocialCity/framework/web/CWebApplication.php(282): CiudadController->run()
#14 /Applications/MAMP/htdocs/SocialCity/framework/web/CWebApplication.php(141): CWebApplication->runController()
#15 /Applications/MAMP/htdocs/SocialCity/framework/base/CApplication.php(180): CWebApplication->processRequest()
#16 /Applications/MAMP/htdocs/SocialCity/index.php(13): CWebApplication->run()
REQUEST_URI=/index.php?r=ciudad/index&ID=1
in /Applications/MAMP/htdocs/SocialCity/protected/models/Ciudad.php (113)
in /Applications/MAMP/htdocs/SocialCity/protected/views/ciudad/index.php (144)
in /Applications/MAMP/htdocs/SocialCity/protected/controllers/CiudadController.php (128)
2014/01/30 08:46:24 [error] [php] Undefined index:  id (/Applications/MAMP/htdocs/SocialCity/protected/models/Ciudad.php:113)
Stack trace:
#0 /Applications/MAMP/htdocs/SocialCity/framework/web/CBaseController.php(95): CiudadController->renderInternal()
#1 /Applications/MAMP/htdocs/SocialCity/framework/web/CController.php(869): CiudadController->renderFile()
#2 /Applications/MAMP/htdocs/SocialCity/framework/web/CController.php(782): CiudadController->renderPartial()
#3 /Applications/MAMP/htdocs/SocialCity/protected/controllers/CiudadController.php(128): CiudadController->render()
#4 /Applications/MAMP/htdocs/SocialCity/framework/web/actions/CInlineAction.php(49): CiudadController->actionIndex()
#5 /Applications/MAMP/htdocs/SocialCity/framework/web/CController.php(308): CInlineAction->runWithParams()
#6 /Applications/MAMP/htdocs/SocialCity/framework/web/filters/CFilterChain.php(133): CiudadController->runAction()
#7 /Applications/MAMP/htdocs/SocialCity/framework/web/filters/CFilter.php(40): CFilterChain->run()
#8 /Applications/MAMP/htdocs/SocialCity/framework/web/CController.php(1145): CAccessControlFilter->filter()
#9 /Applications/MAMP/htdocs/SocialCity/framework/web/filters/CInlineFilter.php(58): CiudadController->filterAccessControl()
#10 /Applications/MAMP/htdocs/SocialCity/framework/web/filters/CFilterChain.php(130): CInlineFilter->filter()
#11 /Applications/MAMP/htdocs/SocialCity/framework/web/CController.php(291): CFilterChain->run()
#12 /Applications/MAMP/htdocs/SocialCity/framework/web/CController.php(265): CiudadController->runActionWithFilters()
#13 /Applications/MAMP/htdocs/SocialCity/framework/web/CWebApplication.php(282): CiudadController->run()
#14 /Applications/MAMP/htdocs/SocialCity/framework/web/CWebApplication.php(141): CWebApplication->runController()
#15 /Applications/MAMP/htdocs/SocialCity/framework/base/CApplication.php(180): CWebApplication->processRequest()
#16 /Applications/MAMP/htdocs/SocialCity/index.php(13): CWebApplication->run()
REQUEST_URI=/index.php?r=ciudad/index&Id=1
in /Applications/MAMP/htdocs/SocialCity/protected/models/Ciudad.php (113)
in /Applications/MAMP/htdocs/SocialCity/protected/views/ciudad/index.php (144)
in /Applications/MAMP/htdocs/SocialCity/protected/controllers/CiudadController.php (128)
2014/01/30 08:48:43 [error] [php] Undefined index:  id (/Applications/MAMP/htdocs/SocialCity/protected/models/Ciudad.php:113)
Stack trace:
#0 /Applications/MAMP/htdocs/SocialCity/framework/web/CBaseController.php(95): CiudadController->renderInternal()
#1 /Applications/MAMP/htdocs/SocialCity/framework/web/CController.php(869): CiudadController->renderFile()
#2 /Applications/MAMP/htdocs/SocialCity/framework/web/CController.php(782): CiudadController->renderPartial()
#3 /Applications/MAMP/htdocs/SocialCity/protected/controllers/CiudadController.php(128): CiudadController->render()
#4 /Applications/MAMP/htdocs/SocialCity/framework/web/actions/CInlineAction.php(49): CiudadController->actionIndex()
#5 /Applications/MAMP/htdocs/SocialCity/framework/web/CController.php(308): CInlineAction->runWithParams()
#6 /Applications/MAMP/htdocs/SocialCity/framework/web/filters/CFilterChain.php(133): CiudadController->runAction()
#7 /Applications/MAMP/htdocs/SocialCity/framework/web/filters/CFilter.php(40): CFilterChain->run()
#8 /Applications/MAMP/htdocs/SocialCity/framework/web/CController.php(1145): CAccessControlFilter->filter()
#9 /Applications/MAMP/htdocs/SocialCity/framework/web/filters/CInlineFilter.php(58): CiudadController->filterAccessControl()
#10 /Applications/MAMP/htdocs/SocialCity/framework/web/filters/CFilterChain.php(130): CInlineFilter->filter()
#11 /Applications/MAMP/htdocs/SocialCity/framework/web/CController.php(291): CFilterChain->run()
#12 /Applications/MAMP/htdocs/SocialCity/framework/web/CController.php(265): CiudadController->runActionWithFilters()
#13 /Applications/MAMP/htdocs/SocialCity/framework/web/CWebApplication.php(282): CiudadController->run()
#14 /Applications/MAMP/htdocs/SocialCity/framework/web/CWebApplication.php(141): CWebApplication->runController()
#15 /Applications/MAMP/htdocs/SocialCity/framework/base/CApplication.php(180): CWebApplication->processRequest()
#16 /Applications/MAMP/htdocs/SocialCity/index.php(13): CWebApplication->run()
REQUEST_URI=/index.php?r=ciudad/index&ID=1
in /Applications/MAMP/htdocs/SocialCity/protected/models/Ciudad.php (113)
in /Applications/MAMP/htdocs/SocialCity/protected/views/ciudad/index.php (144)
in /Applications/MAMP/htdocs/SocialCity/protected/controllers/CiudadController.php (128)
2014/01/30 08:48:44 [error] [php] Undefined index:  id (/Applications/MAMP/htdocs/SocialCity/protected/models/Ciudad.php:113)
Stack trace:
#0 /Applications/MAMP/htdocs/SocialCity/framework/web/CBaseController.php(95): CiudadController->renderInternal()
#1 /Applications/MAMP/htdocs/SocialCity/framework/web/CController.php(869): CiudadController->renderFile()
#2 /Applications/MAMP/htdocs/SocialCity/framework/web/CController.php(782): CiudadController->renderPartial()
#3 /Applications/MAMP/htdocs/SocialCity/protected/controllers/CiudadController.php(128): CiudadController->render()
#4 /Applications/MAMP/htdocs/SocialCity/framework/web/actions/CInlineAction.php(49): CiudadController->actionIndex()
#5 /Applications/MAMP/htdocs/SocialCity/framework/web/CController.php(308): CInlineAction->runWithParams()
#6 /Applications/MAMP/htdocs/SocialCity/framework/web/filters/CFilterChain.php(133): CiudadController->runAction()
#7 /Applications/MAMP/htdocs/SocialCity/framework/web/filters/CFilter.php(40): CFilterChain->run()
#8 /Applications/MAMP/htdocs/SocialCity/framework/web/CController.php(1145): CAccessControlFilter->filter()
#9 /Applications/MAMP/htdocs/SocialCity/framework/web/filters/CInlineFilter.php(58): CiudadController->filterAccessControl()
#10 /Applications/MAMP/htdocs/SocialCity/framework/web/filters/CFilterChain.php(130): CInlineFilter->filter()
#11 /Applications/MAMP/htdocs/SocialCity/framework/web/CController.php(291): CFilterChain->run()
#12 /Applications/MAMP/htdocs/SocialCity/framework/web/CController.php(265): CiudadController->runActionWithFilters()
#13 /Applications/MAMP/htdocs/SocialCity/framework/web/CWebApplication.php(282): CiudadController->run()
#14 /Applications/MAMP/htdocs/SocialCity/framework/web/CWebApplication.php(141): CWebApplication->runController()
#15 /Applications/MAMP/htdocs/SocialCity/framework/base/CApplication.php(180): CWebApplication->processRequest()
#16 /Applications/MAMP/htdocs/SocialCity/index.php(13): CWebApplication->run()
REQUEST_URI=/index.php?r=ciudad/index&ciudadId=1
in /Applications/MAMP/htdocs/SocialCity/protected/models/Ciudad.php (113)
in /Applications/MAMP/htdocs/SocialCity/protected/views/ciudad/index.php (144)
in /Applications/MAMP/htdocs/SocialCity/protected/controllers/CiudadController.php (128)
2014/01/30 08:48:44 [error] [php] Undefined index:  id (/Applications/MAMP/htdocs/SocialCity/protected/models/Ciudad.php:113)
Stack trace:
#0 /Applications/MAMP/htdocs/SocialCity/framework/web/CBaseController.php(95): CiudadController->renderInternal()
#1 /Applications/MAMP/htdocs/SocialCity/framework/web/CController.php(869): CiudadController->renderFile()
#2 /Applications/MAMP/htdocs/SocialCity/framework/web/CController.php(782): CiudadController->renderPartial()
#3 /Applications/MAMP/htdocs/SocialCity/protected/controllers/CiudadController.php(128): CiudadController->render()
#4 /Applications/MAMP/htdocs/SocialCity/framework/web/actions/CInlineAction.php(49): CiudadController->actionIndex()
#5 /Applications/MAMP/htdocs/SocialCity/framework/web/CController.php(308): CInlineAction->runWithParams()
#6 /Applications/MAMP/htdocs/SocialCity/framework/web/filters/CFilterChain.php(133): CiudadController->runAction()
#7 /Applications/MAMP/htdocs/SocialCity/framework/web/filters/CFilter.php(40): CFilterChain->run()
#8 /Applications/MAMP/htdocs/SocialCity/framework/web/CController.php(1145): CAccessControlFilter->filter()
#9 /Applications/MAMP/htdocs/SocialCity/framework/web/filters/CInlineFilter.php(58): CiudadController->filterAccessControl()
#10 /Applications/MAMP/htdocs/SocialCity/framework/web/filters/CFilterChain.php(130): CInlineFilter->filter()
#11 /Applications/MAMP/htdocs/SocialCity/framework/web/CController.php(291): CFilterChain->run()
#12 /Applications/MAMP/htdocs/SocialCity/framework/web/CController.php(265): CiudadController->runActionWithFilters()
#13 /Applications/MAMP/htdocs/SocialCity/framework/web/CWebApplication.php(282): CiudadController->run()
#14 /Applications/MAMP/htdocs/SocialCity/framework/web/CWebApplication.php(141): CWebApplication->runController()
#15 /Applications/MAMP/htdocs/SocialCity/framework/base/CApplication.php(180): CWebApplication->processRequest()
#16 /Applications/MAMP/htdocs/SocialCity/index.php(13): CWebApplication->run()
REQUEST_URI=/index.php?r=ciudad/index&id=23
in /Applications/MAMP/htdocs/SocialCity/protected/models/Ciudad.php (113)
in /Applications/MAMP/htdocs/SocialCity/protected/views/ciudad/index.php (144)
in /Applications/MAMP/htdocs/SocialCity/protected/controllers/CiudadController.php (128)
2014/01/30 08:48:45 [error] [php] Undefined index:  id (/Applications/MAMP/htdocs/SocialCity/protected/models/Ciudad.php:113)
Stack trace:
#0 /Applications/MAMP/htdocs/SocialCity/framework/web/CBaseController.php(95): CiudadController->renderInternal()
#1 /Applications/MAMP/htdocs/SocialCity/framework/web/CController.php(869): CiudadController->renderFile()
#2 /Applications/MAMP/htdocs/SocialCity/framework/web/CController.php(782): CiudadController->renderPartial()
#3 /Applications/MAMP/htdocs/SocialCity/protected/controllers/CiudadController.php(128): CiudadController->render()
#4 /Applications/MAMP/htdocs/SocialCity/framework/web/actions/CInlineAction.php(49): CiudadController->actionIndex()
#5 /Applications/MAMP/htdocs/SocialCity/framework/web/CController.php(308): CInlineAction->runWithParams()
#6 /Applications/MAMP/htdocs/SocialCity/framework/web/filters/CFilterChain.php(133): CiudadController->runAction()
#7 /Applications/MAMP/htdocs/SocialCity/framework/web/filters/CFilter.php(40): CFilterChain->run()
#8 /Applications/MAMP/htdocs/SocialCity/framework/web/CController.php(1145): CAccessControlFilter->filter()
#9 /Applications/MAMP/htdocs/SocialCity/framework/web/filters/CInlineFilter.php(58): CiudadController->filterAccessControl()
#10 /Applications/MAMP/htdocs/SocialCity/framework/web/filters/CFilterChain.php(130): CInlineFilter->filter()
#11 /Applications/MAMP/htdocs/SocialCity/framework/web/CController.php(291): CFilterChain->run()
#12 /Applications/MAMP/htdocs/SocialCity/framework/web/CController.php(265): CiudadController->runActionWithFilters()
#13 /Applications/MAMP/htdocs/SocialCity/framework/web/CWebApplication.php(282): CiudadController->run()
#14 /Applications/MAMP/htdocs/SocialCity/framework/web/CWebApplication.php(141): CWebApplication->runController()
#15 /Applications/MAMP/htdocs/SocialCity/framework/base/CApplication.php(180): CWebApplication->processRequest()
#16 /Applications/MAMP/htdocs/SocialCity/index.php(13): CWebApplication->run()
REQUEST_URI=/index.php?r=ciudad/index&id=2
in /Applications/MAMP/htdocs/SocialCity/protected/models/Ciudad.php (113)
in /Applications/MAMP/htdocs/SocialCity/protected/views/ciudad/index.php (144)
in /Applications/MAMP/htdocs/SocialCity/protected/controllers/CiudadController.php (128)
2014/01/30 08:48:46 [error] [php] Undefined index:  id (/Applications/MAMP/htdocs/SocialCity/protected/models/Ciudad.php:113)
Stack trace:
#0 /Applications/MAMP/htdocs/SocialCity/framework/web/CBaseController.php(95): CiudadController->renderInternal()
#1 /Applications/MAMP/htdocs/SocialCity/framework/web/CController.php(869): CiudadController->renderFile()
#2 /Applications/MAMP/htdocs/SocialCity/framework/web/CController.php(782): CiudadController->renderPartial()
#3 /Applications/MAMP/htdocs/SocialCity/protected/controllers/CiudadController.php(128): CiudadController->render()
#4 /Applications/MAMP/htdocs/SocialCity/framework/web/actions/CInlineAction.php(49): CiudadController->actionIndex()
#5 /Applications/MAMP/htdocs/SocialCity/framework/web/CController.php(308): CInlineAction->runWithParams()
#6 /Applications/MAMP/htdocs/SocialCity/framework/web/filters/CFilterChain.php(133): CiudadController->runAction()
#7 /Applications/MAMP/htdocs/SocialCity/framework/web/filters/CFilter.php(40): CFilterChain->run()
#8 /Applications/MAMP/htdocs/SocialCity/framework/web/CController.php(1145): CAccessControlFilter->filter()
#9 /Applications/MAMP/htdocs/SocialCity/framework/web/filters/CInlineFilter.php(58): CiudadController->filterAccessControl()
#10 /Applications/MAMP/htdocs/SocialCity/framework/web/filters/CFilterChain.php(130): CInlineFilter->filter()
#11 /Applications/MAMP/htdocs/SocialCity/framework/web/CController.php(291): CFilterChain->run()
#12 /Applications/MAMP/htdocs/SocialCity/framework/web/CController.php(265): CiudadController->runActionWithFilters()
#13 /Applications/MAMP/htdocs/SocialCity/framework/web/CWebApplication.php(282): CiudadController->run()
#14 /Applications/MAMP/htdocs/SocialCity/framework/web/CWebApplication.php(141): CWebApplication->runController()
#15 /Applications/MAMP/htdocs/SocialCity/framework/base/CApplication.php(180): CWebApplication->processRequest()
#16 /Applications/MAMP/htdocs/SocialCity/index.php(13): CWebApplication->run()
REQUEST_URI=/index.php?r=ciudad/index&id=1
in /Applications/MAMP/htdocs/SocialCity/protected/models/Ciudad.php (113)
in /Applications/MAMP/htdocs/SocialCity/protected/views/ciudad/index.php (144)
in /Applications/MAMP/htdocs/SocialCity/protected/controllers/CiudadController.php (128)
2014/01/30 08:48:49 [error] [php] Undefined index:  id (/Applications/MAMP/htdocs/SocialCity/protected/models/Ciudad.php:113)
Stack trace:
#0 /Applications/MAMP/htdocs/SocialCity/framework/web/CBaseController.php(95): CiudadController->renderInternal()
#1 /Applications/MAMP/htdocs/SocialCity/framework/web/CController.php(869): CiudadController->renderFile()
#2 /Applications/MAMP/htdocs/SocialCity/framework/web/CController.php(782): CiudadController->renderPartial()
#3 /Applications/MAMP/htdocs/SocialCity/protected/controllers/CiudadController.php(128): CiudadController->render()
#4 /Applications/MAMP/htdocs/SocialCity/framework/web/actions/CInlineAction.php(49): CiudadController->actionIndex()
#5 /Applications/MAMP/htdocs/SocialCity/framework/web/CController.php(308): CInlineAction->runWithParams()
#6 /Applications/MAMP/htdocs/SocialCity/framework/web/filters/CFilterChain.php(133): CiudadController->runAction()
#7 /Applications/MAMP/htdocs/SocialCity/framework/web/filters/CFilter.php(40): CFilterChain->run()
#8 /Applications/MAMP/htdocs/SocialCity/framework/web/CController.php(1145): CAccessControlFilter->filter()
#9 /Applications/MAMP/htdocs/SocialCity/framework/web/filters/CInlineFilter.php(58): CiudadController->filterAccessControl()
#10 /Applications/MAMP/htdocs/SocialCity/framework/web/filters/CFilterChain.php(130): CInlineFilter->filter()
#11 /Applications/MAMP/htdocs/SocialCity/framework/web/CController.php(291): CFilterChain->run()
#12 /Applications/MAMP/htdocs/SocialCity/framework/web/CController.php(265): CiudadController->runActionWithFilters()
#13 /Applications/MAMP/htdocs/SocialCity/framework/web/CWebApplication.php(282): CiudadController->run()
#14 /Applications/MAMP/htdocs/SocialCity/framework/web/CWebApplication.php(141): CWebApplication->runController()
#15 /Applications/MAMP/htdocs/SocialCity/framework/base/CApplication.php(180): CWebApplication->processRequest()
#16 /Applications/MAMP/htdocs/SocialCity/index.php(13): CWebApplication->run()
REQUEST_URI=/index.php?r=ciudad/index&id=1
in /Applications/MAMP/htdocs/SocialCity/protected/models/Ciudad.php (113)
in /Applications/MAMP/htdocs/SocialCity/protected/views/ciudad/index.php (144)
in /Applications/MAMP/htdocs/SocialCity/protected/controllers/CiudadController.php (128)
2014/01/30 08:48:54 [error] [php] Undefined index:  id (/Applications/MAMP/htdocs/SocialCity/protected/models/Ciudad.php:113)
Stack trace:
#0 /Applications/MAMP/htdocs/SocialCity/framework/web/CBaseController.php(95): CiudadController->renderInternal()
#1 /Applications/MAMP/htdocs/SocialCity/framework/web/CController.php(869): CiudadController->renderFile()
#2 /Applications/MAMP/htdocs/SocialCity/framework/web/CController.php(782): CiudadController->renderPartial()
#3 /Applications/MAMP/htdocs/SocialCity/protected/controllers/CiudadController.php(128): CiudadController->render()
#4 /Applications/MAMP/htdocs/SocialCity/framework/web/actions/CInlineAction.php(49): CiudadController->actionIndex()
#5 /Applications/MAMP/htdocs/SocialCity/framework/web/CController.php(308): CInlineAction->runWithParams()
#6 /Applications/MAMP/htdocs/SocialCity/framework/web/filters/CFilterChain.php(133): CiudadController->runAction()
#7 /Applications/MAMP/htdocs/SocialCity/framework/web/filters/CFilter.php(40): CFilterChain->run()
#8 /Applications/MAMP/htdocs/SocialCity/framework/web/CController.php(1145): CAccessControlFilter->filter()
#9 /Applications/MAMP/htdocs/SocialCity/framework/web/filters/CInlineFilter.php(58): CiudadController->filterAccessControl()
#10 /Applications/MAMP/htdocs/SocialCity/framework/web/filters/CFilterChain.php(130): CInlineFilter->filter()
#11 /Applications/MAMP/htdocs/SocialCity/framework/web/CController.php(291): CFilterChain->run()
#12 /Applications/MAMP/htdocs/SocialCity/framework/web/CController.php(265): CiudadController->runActionWithFilters()
#13 /Applications/MAMP/htdocs/SocialCity/framework/web/CWebApplication.php(282): CiudadController->run()
#14 /Applications/MAMP/htdocs/SocialCity/framework/web/CWebApplication.php(141): CWebApplication->runController()
#15 /Applications/MAMP/htdocs/SocialCity/framework/base/CApplication.php(180): CWebApplication->processRequest()
#16 /Applications/MAMP/htdocs/SocialCity/index.php(13): CWebApplication->run()
REQUEST_URI=/index.php?r=ciudad
in /Applications/MAMP/htdocs/SocialCity/protected/models/Ciudad.php (113)
in /Applications/MAMP/htdocs/SocialCity/protected/views/ciudad/index.php (144)
in /Applications/MAMP/htdocs/SocialCity/protected/controllers/CiudadController.php (128)
2014/01/30 08:49:10 [error] [php] Undefined index:  id (/Applications/MAMP/htdocs/SocialCity/protected/models/Ciudad.php:113)
Stack trace:
#0 /Applications/MAMP/htdocs/SocialCity/framework/web/CBaseController.php(95): CiudadController->renderInternal()
#1 /Applications/MAMP/htdocs/SocialCity/framework/web/CController.php(869): CiudadController->renderFile()
#2 /Applications/MAMP/htdocs/SocialCity/framework/web/CController.php(782): CiudadController->renderPartial()
#3 /Applications/MAMP/htdocs/SocialCity/protected/controllers/CiudadController.php(128): CiudadController->render()
#4 /Applications/MAMP/htdocs/SocialCity/framework/web/actions/CInlineAction.php(49): CiudadController->actionIndex()
#5 /Applications/MAMP/htdocs/SocialCity/framework/web/CController.php(308): CInlineAction->runWithParams()
#6 /Applications/MAMP/htdocs/SocialCity/framework/web/filters/CFilterChain.php(133): CiudadController->runAction()
#7 /Applications/MAMP/htdocs/SocialCity/framework/web/filters/CFilter.php(40): CFilterChain->run()
#8 /Applications/MAMP/htdocs/SocialCity/framework/web/CController.php(1145): CAccessControlFilter->filter()
#9 /Applications/MAMP/htdocs/SocialCity/framework/web/filters/CInlineFilter.php(58): CiudadController->filterAccessControl()
#10 /Applications/MAMP/htdocs/SocialCity/framework/web/filters/CFilterChain.php(130): CInlineFilter->filter()
#11 /Applications/MAMP/htdocs/SocialCity/framework/web/CController.php(291): CFilterChain->run()
#12 /Applications/MAMP/htdocs/SocialCity/framework/web/CController.php(265): CiudadController->runActionWithFilters()
#13 /Applications/MAMP/htdocs/SocialCity/framework/web/CWebApplication.php(282): CiudadController->run()
#14 /Applications/MAMP/htdocs/SocialCity/framework/web/CWebApplication.php(141): CWebApplication->runController()
#15 /Applications/MAMP/htdocs/SocialCity/framework/base/CApplication.php(180): CWebApplication->processRequest()
#16 /Applications/MAMP/htdocs/SocialCity/index.php(13): CWebApplication->run()
REQUEST_URI=/index.php?r=ciudad/index
in /Applications/MAMP/htdocs/SocialCity/protected/models/Ciudad.php (113)
in /Applications/MAMP/htdocs/SocialCity/protected/views/ciudad/index.php (144)
in /Applications/MAMP/htdocs/SocialCity/protected/controllers/CiudadController.php (128)
2014/01/30 08:49:28 [error] [php] Undefined index:  id (/Applications/MAMP/htdocs/SocialCity/protected/models/Ciudad.php:113)
Stack trace:
#0 /Applications/MAMP/htdocs/SocialCity/framework/web/CBaseController.php(95): CiudadController->renderInternal()
#1 /Applications/MAMP/htdocs/SocialCity/framework/web/CController.php(869): CiudadController->renderFile()
#2 /Applications/MAMP/htdocs/SocialCity/framework/web/CController.php(782): CiudadController->renderPartial()
#3 /Applications/MAMP/htdocs/SocialCity/protected/controllers/CiudadController.php(128): CiudadController->render()
#4 /Applications/MAMP/htdocs/SocialCity/framework/web/actions/CInlineAction.php(49): CiudadController->actionIndex()
#5 /Applications/MAMP/htdocs/SocialCity/framework/web/CController.php(308): CInlineAction->runWithParams()
#6 /Applications/MAMP/htdocs/SocialCity/framework/web/filters/CFilterChain.php(133): CiudadController->runAction()
#7 /Applications/MAMP/htdocs/SocialCity/framework/web/filters/CFilter.php(40): CFilterChain->run()
#8 /Applications/MAMP/htdocs/SocialCity/framework/web/CController.php(1145): CAccessControlFilter->filter()
#9 /Applications/MAMP/htdocs/SocialCity/framework/web/filters/CInlineFilter.php(58): CiudadController->filterAccessControl()
#10 /Applications/MAMP/htdocs/SocialCity/framework/web/filters/CFilterChain.php(130): CInlineFilter->filter()
#11 /Applications/MAMP/htdocs/SocialCity/framework/web/CController.php(291): CFilterChain->run()
#12 /Applications/MAMP/htdocs/SocialCity/framework/web/CController.php(265): CiudadController->runActionWithFilters()
#13 /Applications/MAMP/htdocs/SocialCity/framework/web/CWebApplication.php(282): CiudadController->run()
#14 /Applications/MAMP/htdocs/SocialCity/framework/web/CWebApplication.php(141): CWebApplication->runController()
#15 /Applications/MAMP/htdocs/SocialCity/framework/base/CApplication.php(180): CWebApplication->processRequest()
#16 /Applications/MAMP/htdocs/SocialCity/index.php(13): CWebApplication->run()
REQUEST_URI=/index.php?r=ciudad/index&id=1
in /Applications/MAMP/htdocs/SocialCity/protected/models/Ciudad.php (113)
in /Applications/MAMP/htdocs/SocialCity/protected/views/ciudad/index.php (144)
in /Applications/MAMP/htdocs/SocialCity/protected/controllers/CiudadController.php (128)
2014/01/30 09:04:22 [error] [exception.CHttpException.404] exception 'CHttpException' with message 'The system is unable to find the requested action "create$id=".' in /Applications/MAMP/htdocs/SocialCity/framework/web/CController.php:483
Stack trace:
#0 /Applications/MAMP/htdocs/SocialCity/framework/web/CController.php(270): CController->missingAction('create$id=')
#1 /Applications/MAMP/htdocs/SocialCity/framework/web/CWebApplication.php(282): CController->run('create$id=')
#2 /Applications/MAMP/htdocs/SocialCity/framework/web/CWebApplication.php(141): CWebApplication->runController('ciudad/create$i...')
#3 /Applications/MAMP/htdocs/SocialCity/framework/base/CApplication.php(180): CWebApplication->processRequest()
#4 /Applications/MAMP/htdocs/SocialCity/index.php(13): CApplication->run()
#5 {main}
REQUEST_URI=/index.php?r=ciudad/create$id=
HTTP_REFERER=http://localhost/index.php?r=ciudad/create
---
2014/01/30 09:04:36 [error] [exception.CHttpException.404] exception 'CHttpException' with message 'The system is unable to find the requested action "create$id=".' in /Applications/MAMP/htdocs/SocialCity/framework/web/CController.php:483
Stack trace:
#0 /Applications/MAMP/htdocs/SocialCity/framework/web/CController.php(270): CController->missingAction('create$id=')
#1 /Applications/MAMP/htdocs/SocialCity/framework/web/CWebApplication.php(282): CController->run('create$id=')
#2 /Applications/MAMP/htdocs/SocialCity/framework/web/CWebApplication.php(141): CWebApplication->runController('ciudad/create$i...')
#3 /Applications/MAMP/htdocs/SocialCity/framework/base/CApplication.php(180): CWebApplication->processRequest()
#4 /Applications/MAMP/htdocs/SocialCity/index.php(13): CApplication->run()
#5 {main}
REQUEST_URI=/index.php?r=ciudad/create$id=
HTTP_REFERER=http://localhost/index.php?r=ciudad/create
---
2014/01/30 09:06:10 [error] [php] Undefined index:  id (/Applications/MAMP/htdocs/SocialCity/protected/models/Ciudad.php:113)
Stack trace:
#0 /Applications/MAMP/htdocs/SocialCity/framework/web/CBaseController.php(95): CiudadController->renderInternal()
#1 /Applications/MAMP/htdocs/SocialCity/framework/web/CController.php(869): CiudadController->renderFile()
#2 /Applications/MAMP/htdocs/SocialCity/framework/web/CController.php(782): CiudadController->renderPartial()
#3 /Applications/MAMP/htdocs/SocialCity/protected/controllers/CiudadController.php(128): CiudadController->render()
#4 /Applications/MAMP/htdocs/SocialCity/framework/web/actions/CInlineAction.php(49): CiudadController->actionIndex()
#5 /Applications/MAMP/htdocs/SocialCity/framework/web/CController.php(308): CInlineAction->runWithParams()
#6 /Applications/MAMP/htdocs/SocialCity/framework/web/filters/CFilterChain.php(133): CiudadController->runAction()
#7 /Applications/MAMP/htdocs/SocialCity/framework/web/filters/CFilter.php(40): CFilterChain->run()
#8 /Applications/MAMP/htdocs/SocialCity/framework/web/CController.php(1145): CAccessControlFilter->filter()
#9 /Applications/MAMP/htdocs/SocialCity/framework/web/filters/CInlineFilter.php(58): CiudadController->filterAccessControl()
#10 /Applications/MAMP/htdocs/SocialCity/framework/web/filters/CFilterChain.php(130): CInlineFilter->filter()
#11 /Applications/MAMP/htdocs/SocialCity/framework/web/CController.php(291): CFilterChain->run()
#12 /Applications/MAMP/htdocs/SocialCity/framework/web/CController.php(265): CiudadController->runActionWithFilters()
#13 /Applications/MAMP/htdocs/SocialCity/framework/web/CWebApplication.php(282): CiudadController->run()
#14 /Applications/MAMP/htdocs/SocialCity/framework/web/CWebApplication.php(141): CWebApplication->runController()
#15 /Applications/MAMP/htdocs/SocialCity/framework/base/CApplication.php(180): CWebApplication->processRequest()
#16 /Applications/MAMP/htdocs/SocialCity/index.php(13): CWebApplication->run()
REQUEST_URI=/index.php?r=ciudad/index
in /Applications/MAMP/htdocs/SocialCity/protected/models/Ciudad.php (113)
in /Applications/MAMP/htdocs/SocialCity/protected/views/ciudad/index.php (144)
in /Applications/MAMP/htdocs/SocialCity/protected/controllers/CiudadController.php (128)
2014/01/31 18:52:19 [error] [php] Undefined index:  id (/Applications/MAMP/htdocs/SocialCity/protected/models/Ciudad.php:113)
Stack trace:
#0 /Applications/MAMP/htdocs/SocialCity/framework/web/CBaseController.php(95): CiudadController->renderInternal()
#1 /Applications/MAMP/htdocs/SocialCity/framework/web/CController.php(869): CiudadController->renderFile()
#2 /Applications/MAMP/htdocs/SocialCity/framework/web/CController.php(782): CiudadController->renderPartial()
#3 /Applications/MAMP/htdocs/SocialCity/protected/controllers/CiudadController.php(128): CiudadController->render()
#4 /Applications/MAMP/htdocs/SocialCity/framework/web/actions/CInlineAction.php(49): CiudadController->actionIndex()
#5 /Applications/MAMP/htdocs/SocialCity/framework/web/CController.php(308): CInlineAction->runWithParams()
#6 /Applications/MAMP/htdocs/SocialCity/framework/web/filters/CFilterChain.php(133): CiudadController->runAction()
#7 /Applications/MAMP/htdocs/SocialCity/framework/web/filters/CFilter.php(40): CFilterChain->run()
#8 /Applications/MAMP/htdocs/SocialCity/framework/web/CController.php(1145): CAccessControlFilter->filter()
#9 /Applications/MAMP/htdocs/SocialCity/framework/web/filters/CInlineFilter.php(58): CiudadController->filterAccessControl()
#10 /Applications/MAMP/htdocs/SocialCity/framework/web/filters/CFilterChain.php(130): CInlineFilter->filter()
#11 /Applications/MAMP/htdocs/SocialCity/framework/web/CController.php(291): CFilterChain->run()
#12 /Applications/MAMP/htdocs/SocialCity/framework/web/CController.php(265): CiudadController->runActionWithFilters()
#13 /Applications/MAMP/htdocs/SocialCity/framework/web/CWebApplication.php(282): CiudadController->run()
#14 /Applications/MAMP/htdocs/SocialCity/framework/web/CWebApplication.php(141): CWebApplication->runController()
#15 /Applications/MAMP/htdocs/SocialCity/framework/base/CApplication.php(180): CWebApplication->processRequest()
#16 /Applications/MAMP/htdocs/SocialCity/index.php(13): CWebApplication->run()
REQUEST_URI=/index.php?r=ciudad
in /Applications/MAMP/htdocs/SocialCity/protected/models/Ciudad.php (113)
in /Applications/MAMP/htdocs/SocialCity/protected/views/ciudad/index.php (144)
in /Applications/MAMP/htdocs/SocialCity/protected/controllers/CiudadController.php (128)
2014/01/31 18:52:23 [error] [exception.CHttpException.404] exception 'CHttpException' with message 'The system is unable to find the requested action "visita".' in /Applications/MAMP/htdocs/SocialCity/framework/web/CController.php:483
Stack trace:
#0 /Applications/MAMP/htdocs/SocialCity/framework/web/CController.php(270): CController->missingAction('visita')
#1 /Applications/MAMP/htdocs/SocialCity/framework/web/CWebApplication.php(282): CController->run('visita')
#2 /Applications/MAMP/htdocs/SocialCity/framework/web/CWebApplication.php(141): CWebApplication->runController('ciudad/visita')
#3 /Applications/MAMP/htdocs/SocialCity/framework/base/CApplication.php(180): CWebApplication->processRequest()
#4 /Applications/MAMP/htdocs/SocialCity/index.php(13): CApplication->run()
#5 {main}
REQUEST_URI=/index.php?r=ciudad/visita
HTTP_REFERER=http://localhost/index.php?r=ciudad/create
---
2014/01/31 18:52:32 [error] [exception.CHttpException.404] exception 'CHttpException' with message 'The system is unable to find the requested action "visita".' in /Applications/MAMP/htdocs/SocialCity/framework/web/CController.php:483
Stack trace:
#0 /Applications/MAMP/htdocs/SocialCity/framework/web/CController.php(270): CController->missingAction('visita')
#1 /Applications/MAMP/htdocs/SocialCity/framework/web/CWebApplication.php(282): CController->run('visita')
#2 /Applications/MAMP/htdocs/SocialCity/framework/web/CWebApplication.php(141): CWebApplication->runController('calendario/visi...')
#3 /Applications/MAMP/htdocs/SocialCity/framework/base/CApplication.php(180): CWebApplication->processRequest()
#4 /Applications/MAMP/htdocs/SocialCity/index.php(13): CApplication->run()
#5 {main}
REQUEST_URI=/index.php?r=calendario/visita
HTTP_REFERER=http://localhost/index.php?r=calendario/calendario
---
2014/01/31 18:52:34 [error] [php] Undefined index:  id (/Applications/MAMP/htdocs/SocialCity/protected/models/Ciudad.php:113)
Stack trace:
#0 /Applications/MAMP/htdocs/SocialCity/framework/web/CBaseController.php(95): CiudadController->renderInternal()
#1 /Applications/MAMP/htdocs/SocialCity/framework/web/CController.php(869): CiudadController->renderFile()
#2 /Applications/MAMP/htdocs/SocialCity/framework/web/CController.php(782): CiudadController->renderPartial()
#3 /Applications/MAMP/htdocs/SocialCity/protected/controllers/CiudadController.php(128): CiudadController->render()
#4 /Applications/MAMP/htdocs/SocialCity/framework/web/actions/CInlineAction.php(49): CiudadController->actionIndex()
#5 /Applications/MAMP/htdocs/SocialCity/framework/web/CController.php(308): CInlineAction->runWithParams()
#6 /Applications/MAMP/htdocs/SocialCity/framework/web/filters/CFilterChain.php(133): CiudadController->runAction()
#7 /Applications/MAMP/htdocs/SocialCity/framework/web/filters/CFilter.php(40): CFilterChain->run()
#8 /Applications/MAMP/htdocs/SocialCity/framework/web/CController.php(1145): CAccessControlFilter->filter()
#9 /Applications/MAMP/htdocs/SocialCity/framework/web/filters/CInlineFilter.php(58): CiudadController->filterAccessControl()
#10 /Applications/MAMP/htdocs/SocialCity/framework/web/filters/CFilterChain.php(130): CInlineFilter->filter()
#11 /Applications/MAMP/htdocs/SocialCity/framework/web/CController.php(291): CFilterChain->run()
#12 /Applications/MAMP/htdocs/SocialCity/framework/web/CController.php(265): CiudadController->runActionWithFilters()
#13 /Applications/MAMP/htdocs/SocialCity/framework/web/CWebApplication.php(282): CiudadController->run()
#14 /Applications/MAMP/htdocs/SocialCity/framework/web/CWebApplication.php(141): CWebApplication->runController()
#15 /Applications/MAMP/htdocs/SocialCity/framework/base/CApplication.php(180): CWebApplication->processRequest()
#16 /Applications/MAMP/htdocs/SocialCity/index.php(13): CWebApplication->run()
REQUEST_URI=/index.php?r=ciudad
in /Applications/MAMP/htdocs/SocialCity/protected/models/Ciudad.php (113)
in /Applications/MAMP/htdocs/SocialCity/protected/views/ciudad/index.php (144)
in /Applications/MAMP/htdocs/SocialCity/protected/controllers/CiudadController.php (128)
2014/01/31 19:04:15 [error] [php] Undefined index:  id (/Applications/MAMP/htdocs/SocialCity/protected/models/Ciudad.php:113)
Stack trace:
#0 /Applications/MAMP/htdocs/SocialCity/framework/web/CBaseController.php(95): CiudadController->renderInternal()
#1 /Applications/MAMP/htdocs/SocialCity/framework/web/CController.php(869): CiudadController->renderFile()
#2 /Applications/MAMP/htdocs/SocialCity/framework/web/CController.php(782): CiudadController->renderPartial()
#3 /Applications/MAMP/htdocs/SocialCity/protected/controllers/CiudadController.php(128): CiudadController->render()
#4 /Applications/MAMP/htdocs/SocialCity/framework/web/actions/CInlineAction.php(49): CiudadController->actionIndex()
#5 /Applications/MAMP/htdocs/SocialCity/framework/web/CController.php(308): CInlineAction->runWithParams()
#6 /Applications/MAMP/htdocs/SocialCity/framework/web/filters/CFilterChain.php(133): CiudadController->runAction()
#7 /Applications/MAMP/htdocs/SocialCity/framework/web/filters/CFilter.php(40): CFilterChain->run()
#8 /Applications/MAMP/htdocs/SocialCity/framework/web/CController.php(1145): CAccessControlFilter->filter()
#9 /Applications/MAMP/htdocs/SocialCity/framework/web/filters/CInlineFilter.php(58): CiudadController->filterAccessControl()
#10 /Applications/MAMP/htdocs/SocialCity/framework/web/filters/CFilterChain.php(130): CInlineFilter->filter()
#11 /Applications/MAMP/htdocs/SocialCity/framework/web/CController.php(291): CFilterChain->run()
#12 /Applications/MAMP/htdocs/SocialCity/framework/web/CController.php(265): CiudadController->runActionWithFilters()
#13 /Applications/MAMP/htdocs/SocialCity/framework/web/CWebApplication.php(282): CiudadController->run()
#14 /Applications/MAMP/htdocs/SocialCity/framework/web/CWebApplication.php(141): CWebApplication->runController()
#15 /Applications/MAMP/htdocs/SocialCity/framework/base/CApplication.php(180): CWebApplication->processRequest()
#16 /Applications/MAMP/htdocs/SocialCity/index.php(13): CWebApplication->run()
REQUEST_URI=/index.php?r=ciudad/index
in /Applications/MAMP/htdocs/SocialCity/protected/models/Ciudad.php (113)
in /Applications/MAMP/htdocs/SocialCity/protected/views/ciudad/index.php (144)
in /Applications/MAMP/htdocs/SocialCity/protected/controllers/CiudadController.php (128)
2014/01/31 19:12:28 [error] [php] Undefined index:  id (/Applications/MAMP/htdocs/SocialCity/protected/models/Ciudad.php:113)
Stack trace:
#0 /Applications/MAMP/htdocs/SocialCity/framework/web/CBaseController.php(95): CiudadController->renderInternal()
#1 /Applications/MAMP/htdocs/SocialCity/framework/web/CController.php(869): CiudadController->renderFile()
#2 /Applications/MAMP/htdocs/SocialCity/framework/web/CController.php(782): CiudadController->renderPartial()
#3 /Applications/MAMP/htdocs/SocialCity/protected/controllers/CiudadController.php(128): CiudadController->render()
#4 /Applications/MAMP/htdocs/SocialCity/framework/web/actions/CInlineAction.php(49): CiudadController->actionIndex()
#5 /Applications/MAMP/htdocs/SocialCity/framework/web/CController.php(308): CInlineAction->runWithParams()
#6 /Applications/MAMP/htdocs/SocialCity/framework/web/filters/CFilterChain.php(133): CiudadController->runAction()
#7 /Applications/MAMP/htdocs/SocialCity/framework/web/filters/CFilter.php(40): CFilterChain->run()
#8 /Applications/MAMP/htdocs/SocialCity/framework/web/CController.php(1145): CAccessControlFilter->filter()
#9 /Applications/MAMP/htdocs/SocialCity/framework/web/filters/CInlineFilter.php(58): CiudadController->filterAccessControl()
#10 /Applications/MAMP/htdocs/SocialCity/framework/web/filters/CFilterChain.php(130): CInlineFilter->filter()
#11 /Applications/MAMP/htdocs/SocialCity/framework/web/CController.php(291): CFilterChain->run()
#12 /Applications/MAMP/htdocs/SocialCity/framework/web/CController.php(265): CiudadController->runActionWithFilters()
#13 /Applications/MAMP/htdocs/SocialCity/framework/web/CWebApplication.php(282): CiudadController->run()
#14 /Applications/MAMP/htdocs/SocialCity/framework/web/CWebApplication.php(141): CWebApplication->runController()
#15 /Applications/MAMP/htdocs/SocialCity/framework/base/CApplication.php(180): CWebApplication->processRequest()
#16 /Applications/MAMP/htdocs/SocialCity/index.php(13): CWebApplication->run()
REQUEST_URI=/index.php?r=ciudad/index&id=1
in /Applications/MAMP/htdocs/SocialCity/protected/models/Ciudad.php (113)
in /Applications/MAMP/htdocs/SocialCity/protected/views/ciudad/index.php (144)
in /Applications/MAMP/htdocs/SocialCity/protected/controllers/CiudadController.php (128)
2014/01/31 19:12:33 [error] [php] Undefined index:  id (/Applications/MAMP/htdocs/SocialCity/protected/models/Ciudad.php:113)
Stack trace:
#0 /Applications/MAMP/htdocs/SocialCity/framework/web/CBaseController.php(95): CiudadController->renderInternal()
#1 /Applications/MAMP/htdocs/SocialCity/framework/web/CController.php(869): CiudadController->renderFile()
#2 /Applications/MAMP/htdocs/SocialCity/framework/web/CController.php(782): CiudadController->renderPartial()
#3 /Applications/MAMP/htdocs/SocialCity/protected/controllers/CiudadController.php(128): CiudadController->render()
#4 /Applications/MAMP/htdocs/SocialCity/framework/web/actions/CInlineAction.php(49): CiudadController->actionIndex()
#5 /Applications/MAMP/htdocs/SocialCity/framework/web/CController.php(308): CInlineAction->runWithParams()
#6 /Applications/MAMP/htdocs/SocialCity/framework/web/filters/CFilterChain.php(133): CiudadController->runAction()
#7 /Applications/MAMP/htdocs/SocialCity/framework/web/filters/CFilter.php(40): CFilterChain->run()
#8 /Applications/MAMP/htdocs/SocialCity/framework/web/CController.php(1145): CAccessControlFilter->filter()
#9 /Applications/MAMP/htdocs/SocialCity/framework/web/filters/CInlineFilter.php(58): CiudadController->filterAccessControl()
#10 /Applications/MAMP/htdocs/SocialCity/framework/web/filters/CFilterChain.php(130): CInlineFilter->filter()
#11 /Applications/MAMP/htdocs/SocialCity/framework/web/CController.php(291): CFilterChain->run()
#12 /Applications/MAMP/htdocs/SocialCity/framework/web/CController.php(265): CiudadController->runActionWithFilters()
#13 /Applications/MAMP/htdocs/SocialCity/framework/web/CWebApplication.php(282): CiudadController->run()
#14 /Applications/MAMP/htdocs/SocialCity/framework/web/CWebApplication.php(141): CWebApplication->runController()
#15 /Applications/MAMP/htdocs/SocialCity/framework/base/CApplication.php(180): CWebApplication->processRequest()
#16 /Applications/MAMP/htdocs/SocialCity/index.php(13): CWebApplication->run()
REQUEST_URI=/index.php?r=ciudad/
in /Applications/MAMP/htdocs/SocialCity/protected/models/Ciudad.php (113)
in /Applications/MAMP/htdocs/SocialCity/protected/views/ciudad/index.php (144)
in /Applications/MAMP/htdocs/SocialCity/protected/controllers/CiudadController.php (128)
2014/01/31 19:12:39 [error] [php] Undefined index:  id (/Applications/MAMP/htdocs/SocialCity/protected/models/Ciudad.php:113)
Stack trace:
#0 /Applications/MAMP/htdocs/SocialCity/framework/web/CBaseController.php(95): CiudadController->renderInternal()
#1 /Applications/MAMP/htdocs/SocialCity/framework/web/CController.php(869): CiudadController->renderFile()
#2 /Applications/MAMP/htdocs/SocialCity/framework/web/CController.php(782): CiudadController->renderPartial()
#3 /Applications/MAMP/htdocs/SocialCity/protected/controllers/CiudadController.php(128): CiudadController->render()
#4 /Applications/MAMP/htdocs/SocialCity/framework/web/actions/CInlineAction.php(49): CiudadController->actionIndex()
#5 /Applications/MAMP/htdocs/SocialCity/framework/web/CController.php(308): CInlineAction->runWithParams()
#6 /Applications/MAMP/htdocs/SocialCity/framework/web/filters/CFilterChain.php(133): CiudadController->runAction()
#7 /Applications/MAMP/htdocs/SocialCity/framework/web/filters/CFilter.php(40): CFilterChain->run()
#8 /Applications/MAMP/htdocs/SocialCity/framework/web/CController.php(1145): CAccessControlFilter->filter()
#9 /Applications/MAMP/htdocs/SocialCity/framework/web/filters/CInlineFilter.php(58): CiudadController->filterAccessControl()
#10 /Applications/MAMP/htdocs/SocialCity/framework/web/filters/CFilterChain.php(130): CInlineFilter->filter()
#11 /Applications/MAMP/htdocs/SocialCity/framework/web/CController.php(291): CFilterChain->run()
#12 /Applications/MAMP/htdocs/SocialCity/framework/web/CController.php(265): CiudadController->runActionWithFilters()
#13 /Applications/MAMP/htdocs/SocialCity/framework/web/CWebApplication.php(282): CiudadController->run()
#14 /Applications/MAMP/htdocs/SocialCity/framework/web/CWebApplication.php(141): CWebApplication->runController()
#15 /Applications/MAMP/htdocs/SocialCity/framework/base/CApplication.php(180): CWebApplication->processRequest()
#16 /Applications/MAMP/htdocs/SocialCity/index.php(13): CWebApplication->run()
REQUEST_URI=/index.php?r=ciudad/index&id=1
in /Applications/MAMP/htdocs/SocialCity/protected/models/Ciudad.php (113)
in /Applications/MAMP/htdocs/SocialCity/protected/views/ciudad/index.php (144)
in /Applications/MAMP/htdocs/SocialCity/protected/controllers/CiudadController.php (128)
2014/01/31 19:12:39 [error] [php] Undefined index:  id (/Applications/MAMP/htdocs/SocialCity/protected/models/Ciudad.php:113)
Stack trace:
#0 /Applications/MAMP/htdocs/SocialCity/framework/web/CBaseController.php(95): CiudadController->renderInternal()
#1 /Applications/MAMP/htdocs/SocialCity/framework/web/CController.php(869): CiudadController->renderFile()
#2 /Applications/MAMP/htdocs/SocialCity/framework/web/CController.php(782): CiudadController->renderPartial()
#3 /Applications/MAMP/htdocs/SocialCity/protected/controllers/CiudadController.php(128): CiudadController->render()
#4 /Applications/MAMP/htdocs/SocialCity/framework/web/actions/CInlineAction.php(49): CiudadController->actionIndex()
#5 /Applications/MAMP/htdocs/SocialCity/framework/web/CController.php(308): CInlineAction->runWithParams()
#6 /Applications/MAMP/htdocs/SocialCity/framework/web/filters/CFilterChain.php(133): CiudadController->runAction()
#7 /Applications/MAMP/htdocs/SocialCity/framework/web/filters/CFilter.php(40): CFilterChain->run()
#8 /Applications/MAMP/htdocs/SocialCity/framework/web/CController.php(1145): CAccessControlFilter->filter()
#9 /Applications/MAMP/htdocs/SocialCity/framework/web/filters/CInlineFilter.php(58): CiudadController->filterAccessControl()
#10 /Applications/MAMP/htdocs/SocialCity/framework/web/filters/CFilterChain.php(130): CInlineFilter->filter()
#11 /Applications/MAMP/htdocs/SocialCity/framework/web/CController.php(291): CFilterChain->run()
#12 /Applications/MAMP/htdocs/SocialCity/framework/web/CController.php(265): CiudadController->runActionWithFilters()
#13 /Applications/MAMP/htdocs/SocialCity/framework/web/CWebApplication.php(282): CiudadController->run()
#14 /Applications/MAMP/htdocs/SocialCity/framework/web/CWebApplication.php(141): CWebApplication->runController()
#15 /Applications/MAMP/htdocs/SocialCity/framework/base/CApplication.php(180): CWebApplication->processRequest()
#16 /Applications/MAMP/htdocs/SocialCity/index.php(13): CWebApplication->run()
REQUEST_URI=/index.php?r=ciudad/index
in /Applications/MAMP/htdocs/SocialCity/protected/models/Ciudad.php (113)
in /Applications/MAMP/htdocs/SocialCity/protected/views/ciudad/index.php (144)
in /Applications/MAMP/htdocs/SocialCity/protected/controllers/CiudadController.php (128)
2014/01/31 19:12:46 [error] [php] Undefined index:  id (/Applications/MAMP/htdocs/SocialCity/protected/models/Ciudad.php:113)
Stack trace:
#0 /Applications/MAMP/htdocs/SocialCity/framework/web/CBaseController.php(95): CiudadController->renderInternal()
#1 /Applications/MAMP/htdocs/SocialCity/framework/web/CController.php(869): CiudadController->renderFile()
#2 /Applications/MAMP/htdocs/SocialCity/framework/web/CController.php(782): CiudadController->renderPartial()
#3 /Applications/MAMP/htdocs/SocialCity/protected/controllers/CiudadController.php(128): CiudadController->render()
#4 /Applications/MAMP/htdocs/SocialCity/framework/web/actions/CInlineAction.php(49): CiudadController->actionIndex()
#5 /Applications/MAMP/htdocs/SocialCity/framework/web/CController.php(308): CInlineAction->runWithParams()
#6 /Applications/MAMP/htdocs/SocialCity/framework/web/filters/CFilterChain.php(133): CiudadController->runAction()
#7 /Applications/MAMP/htdocs/SocialCity/framework/web/filters/CFilter.php(40): CFilterChain->run()
#8 /Applications/MAMP/htdocs/SocialCity/framework/web/CController.php(1145): CAccessControlFilter->filter()
#9 /Applications/MAMP/htdocs/SocialCity/framework/web/filters/CInlineFilter.php(58): CiudadController->filterAccessControl()
#10 /Applications/MAMP/htdocs/SocialCity/framework/web/filters/CFilterChain.php(130): CInlineFilter->filter()
#11 /Applications/MAMP/htdocs/SocialCity/framework/web/CController.php(291): CFilterChain->run()
#12 /Applications/MAMP/htdocs/SocialCity/framework/web/CController.php(265): CiudadController->runActionWithFilters()
#13 /Applications/MAMP/htdocs/SocialCity/framework/web/CWebApplication.php(282): CiudadController->run()
#14 /Applications/MAMP/htdocs/SocialCity/framework/web/CWebApplication.php(141): CWebApplication->runController()
#15 /Applications/MAMP/htdocs/SocialCity/framework/base/CApplication.php(180): CWebApplication->processRequest()
#16 /Applications/MAMP/htdocs/SocialCity/index.php(13): CWebApplication->run()
REQUEST_URI=/index.php?r=ciudad
in /Applications/MAMP/htdocs/SocialCity/protected/models/Ciudad.php (113)
in /Applications/MAMP/htdocs/SocialCity/protected/views/ciudad/index.php (144)
in /Applications/MAMP/htdocs/SocialCity/protected/controllers/CiudadController.php (128)
